{"C:\\Users\\NHU\\webST\\MERNStore\\server\\middleware\\auth.js": {"path":"C:\\Users\\NHU\\webST\\MERNStore\\server\\middleware\\auth.js","statementMap":{"0":{"start":{"line":1,"column":17},"end":{"line":1,"column":36}},"1":{"start":{"line":3,"column":13},"end":{"line":3,"column":61}},"2":{"start":{"line":5,"column":0},"end":{"line":5,"column":22}}},"fnMap":{},"branchMap":{},"s":{"0":1,"1":1,"2":1},"f":{},"b":{},"_coverageSchema":"1a1c01bbd47fc00a2c39e90264f33305004495a9","hash":"6f3b410f22746af4a7234bde7a296fa3a4c703ec"}
,"C:\\Users\\NHU\\webST\\MERNStore\\server\\middleware\\role.js": {"path":"C:\\Users\\NHU\\webST\\MERNStore\\server\\middleware\\role.js","statementMap":{"0":{"start":{"line":2,"column":2},"end":{"line":14,"column":3}},"1":{"start":{"line":3,"column":2},"end":{"line":14,"column":3}},"2":{"start":{"line":4,"column":4},"end":{"line":6,"column":5}},"3":{"start":{"line":5,"column":6},"end":{"line":5,"column":50}},"4":{"start":{"line":8,"column":20},"end":{"line":8,"column":62}},"5":{"start":{"line":8,"column":39},"end":{"line":8,"column":61}},"6":{"start":{"line":9,"column":4},"end":{"line":11,"column":5}},"7":{"start":{"line":10,"column":6},"end":{"line":10,"column":79}},"8":{"start":{"line":13,"column":4},"end":{"line":13,"column":18}},"9":{"start":{"line":16,"column":13},"end":{"line":16,"column":22}},"10":{"start":{"line":17,"column":0},"end":{"line":17,"column":22}}},"fnMap":{"0":{"name":"(anonymous_0)","decl":{"start":{"line":2,"column":2},"end":{"line":2,"column":3}},"loc":{"start":{"line":3,"column":2},"end":{"line":14,"column":3}},"line":3},"1":{"name":"(anonymous_1)","decl":{"start":{"line":3,"column":2},"end":{"line":3,"column":3}},"loc":{"start":{"line":3,"column":22},"end":{"line":14,"column":3}},"line":3},"2":{"name":"(anonymous_2)","decl":{"start":{"line":8,"column":31},"end":{"line":8,"column":32}},"loc":{"start":{"line":8,"column":39},"end":{"line":8,"column":61}},"line":8}},"branchMap":{"0":{"loc":{"start":{"line":4,"column":4},"end":{"line":6,"column":5}},"type":"if","locations":[{"start":{"line":4,"column":4},"end":{"line":6,"column":5}},{"start":{},"end":{}}],"line":4},"1":{"loc":{"start":{"line":9,"column":4},"end":{"line":11,"column":5}},"type":"if","locations":[{"start":{"line":9,"column":4},"end":{"line":11,"column":5}},{"start":{},"end":{}}],"line":9}},"s":{"0":5,"1":18,"2":8,"3":2,"4":6,"5":6,"6":6,"7":3,"8":3,"9":5,"10":5},"f":{"0":18,"1":8,"2":6},"b":{"0":[2,6],"1":[3,3]},"_coverageSchema":"1a1c01bbd47fc00a2c39e90264f33305004495a9","hash":"823a39910ddc4cd846ca757cfdcdc52b9b93e27c"}
,"C:\\Users\\NHU\\webST\\MERNStore\\server\\routes\\api\\cart.js": {"path":"C:\\Users\\NHU\\webST\\MERNStore\\server\\routes\\api\\cart.js","statementMap":{"0":{"start":{"line":1,"column":16},"end":{"line":1,"column":34}},"1":{"start":{"line":2,"column":15},"end":{"line":2,"column":31}},"2":{"start":{"line":5,"column":13},"end":{"line":5,"column":41}},"3":{"start":{"line":6,"column":16},"end":{"line":6,"column":47}},"4":{"start":{"line":7,"column":13},"end":{"line":7,"column":45}},"5":{"start":{"line":8,"column":14},"end":{"line":8,"column":42}},"6":{"start":{"line":9,"column":28},"end":{"line":9,"column":66}},"7":{"start":{"line":11,"column":0},"end":{"line":41,"column":3}},"8":{"start":{"line":12,"column":2},"end":{"line":40,"column":3}},"9":{"start":{"line":13,"column":17},"end":{"line":13,"column":42}},"10":{"start":{"line":14,"column":4},"end":{"line":16,"column":5}},"11":{"start":{"line":15,"column":6},"end":{"line":15,"column":71}},"12":{"start":{"line":18,"column":17},"end":{"line":18,"column":29}},"13":{"start":{"line":19,"column":18},"end":{"line":19,"column":35}},"14":{"start":{"line":21,"column":21},"end":{"line":21,"column":55}},"15":{"start":{"line":23,"column":17},"end":{"line":26,"column":6}},"16":{"start":{"line":28,"column":20},"end":{"line":28,"column":37}},"17":{"start":{"line":30,"column":4},"end":{"line":30,"column":31}},"18":{"start":{"line":32,"column":4},"end":{"line":35,"column":7}},"19":{"start":{"line":37,"column":4},"end":{"line":39,"column":7}},"20":{"start":{"line":43,"column":0},"end":{"line":60,"column":3}},"21":{"start":{"line":44,"column":2},"end":{"line":59,"column":3}},"22":{"start":{"line":45,"column":17},"end":{"line":45,"column":42}},"23":{"start":{"line":46,"column":4},"end":{"line":48,"column":5}},"24":{"start":{"line":47,"column":6},"end":{"line":47,"column":71}},"25":{"start":{"line":50,"column":4},"end":{"line":50,"column":53}},"26":{"start":{"line":52,"column":4},"end":{"line":54,"column":7}},"27":{"start":{"line":56,"column":4},"end":{"line":58,"column":7}},"28":{"start":{"line":62,"column":0},"end":{"line":82,"column":3}},"29":{"start":{"line":63,"column":2},"end":{"line":81,"column":3}},"30":{"start":{"line":64,"column":17},"end":{"line":64,"column":42}},"31":{"start":{"line":65,"column":4},"end":{"line":67,"column":5}},"32":{"start":{"line":66,"column":6},"end":{"line":66,"column":71}},"33":{"start":{"line":69,"column":20},"end":{"line":69,"column":36}},"34":{"start":{"line":70,"column":18},"end":{"line":70,"column":44}},"35":{"start":{"line":72,"column":4},"end":{"line":72,"column":73}},"36":{"start":{"line":74,"column":4},"end":{"line":76,"column":7}},"37":{"start":{"line":78,"column":4},"end":{"line":80,"column":7}},"38":{"start":{"line":84,"column":0},"end":{"line":104,"column":3}},"39":{"start":{"line":85,"column":2},"end":{"line":103,"column":3}},"40":{"start":{"line":86,"column":17},"end":{"line":86,"column":42}},"41":{"start":{"line":87,"column":4},"end":{"line":89,"column":5}},"42":{"start":{"line":88,"column":6},"end":{"line":88,"column":71}},"43":{"start":{"line":91,"column":20},"end":{"line":91,"column":53}},"44":{"start":{"line":92,"column":18},"end":{"line":92,"column":44}},"45":{"start":{"line":94,"column":4},"end":{"line":94,"column":73}},"46":{"start":{"line":96,"column":4},"end":{"line":98,"column":7}},"47":{"start":{"line":100,"column":4},"end":{"line":102,"column":7}},"48":{"start":{"line":106,"column":25},"end":{"line":117,"column":1}},"49":{"start":{"line":107,"column":20},"end":{"line":114,"column":4}},"50":{"start":{"line":108,"column":4},"end":{"line":113,"column":6}},"51":{"start":{"line":116,"column":2},"end":{"line":116,"column":33}},"52":{"start":{"line":119,"column":0},"end":{"line":119,"column":24}}},"fnMap":{"0":{"name":"(anonymous_0)","decl":{"start":{"line":11,"column":26},"end":{"line":11,"column":27}},"loc":{"start":{"line":11,"column":46},"end":{"line":41,"column":1}},"line":11},"1":{"name":"(anonymous_1)","decl":{"start":{"line":43,"column":39},"end":{"line":43,"column":40}},"loc":{"start":{"line":43,"column":59},"end":{"line":60,"column":1}},"line":43},"2":{"name":"(anonymous_2)","decl":{"start":{"line":62,"column":34},"end":{"line":62,"column":35}},"loc":{"start":{"line":62,"column":54},"end":{"line":82,"column":1}},"line":62},"3":{"name":"(anonymous_3)","decl":{"start":{"line":84,"column":50},"end":{"line":84,"column":51}},"loc":{"start":{"line":84,"column":70},"end":{"line":104,"column":1}},"line":84},"4":{"name":"(anonymous_4)","decl":{"start":{"line":106,"column":25},"end":{"line":106,"column":26}},"loc":{"start":{"line":106,"column":37},"end":{"line":117,"column":1}},"line":106},"5":{"name":"(anonymous_5)","decl":{"start":{"line":107,"column":33},"end":{"line":107,"column":34}},"loc":{"start":{"line":107,"column":41},"end":{"line":114,"column":3}},"line":107}},"branchMap":{"0":{"loc":{"start":{"line":14,"column":4},"end":{"line":16,"column":5}},"type":"if","locations":[{"start":{"line":14,"column":4},"end":{"line":16,"column":5}},{"start":{},"end":{}}],"line":14},"1":{"loc":{"start":{"line":46,"column":4},"end":{"line":48,"column":5}},"type":"if","locations":[{"start":{"line":46,"column":4},"end":{"line":48,"column":5}},{"start":{},"end":{}}],"line":46},"2":{"loc":{"start":{"line":65,"column":4},"end":{"line":67,"column":5}},"type":"if","locations":[{"start":{"line":65,"column":4},"end":{"line":67,"column":5}},{"start":{},"end":{}}],"line":65},"3":{"loc":{"start":{"line":87,"column":4},"end":{"line":89,"column":5}},"type":"if","locations":[{"start":{"line":87,"column":4},"end":{"line":89,"column":5}},{"start":{},"end":{}}],"line":87}},"s":{"0":1,"1":1,"2":1,"3":1,"4":1,"5":1,"6":1,"7":1,"8":3,"9":3,"10":3,"11":2,"12":1,"13":1,"14":1,"15":1,"16":1,"17":1,"18":1,"19":0,"20":1,"21":1,"22":1,"23":1,"24":0,"25":1,"26":1,"27":0,"28":1,"29":1,"30":1,"31":1,"32":0,"33":1,"34":1,"35":1,"36":1,"37":0,"38":1,"39":1,"40":1,"41":1,"42":0,"43":1,"44":1,"45":1,"46":1,"47":0,"48":1,"49":1,"50":1,"51":1,"52":1},"f":{"0":3,"1":1,"2":1,"3":1,"4":1,"5":1},"b":{"0":[2,1],"1":[0,1],"2":[0,1],"3":[0,1]},"_coverageSchema":"1a1c01bbd47fc00a2c39e90264f33305004495a9","hash":"7001f16d3d8427267b2622821bb8dc41fdb5fc93"}
,"C:\\Users\\NHU\\webST\\MERNStore\\server\\routes\\api\\order.js": {"path":"C:\\Users\\NHU\\webST\\MERNStore\\server\\routes\\api\\order.js","statementMap":{"0":{"start":{"line":1,"column":16},"end":{"line":1,"column":34}},"1":{"start":{"line":2,"column":15},"end":{"line":2,"column":31}},"2":{"start":{"line":3,"column":17},"end":{"line":3,"column":36}},"3":{"start":{"line":6,"column":14},"end":{"line":6,"column":43}},"4":{"start":{"line":7,"column":13},"end":{"line":7,"column":41}},"5":{"start":{"line":8,"column":16},"end":{"line":8,"column":47}},"6":{"start":{"line":9,"column":16},"end":{"line":9,"column":47}},"7":{"start":{"line":10,"column":13},"end":{"line":10,"column":45}},"8":{"start":{"line":11,"column":16},"end":{"line":11,"column":49}},"9":{"start":{"line":12,"column":14},"end":{"line":12,"column":42}},"10":{"start":{"line":13,"column":36},"end":{"line":13,"column":62}},"11":{"start":{"line":15,"column":0},"end":{"line":164,"column":3}},"12":{"start":{"line":16,"column":2},"end":{"line":163,"column":3}},"13":{"start":{"line":17,"column":4},"end":{"line":21,"column":5}},"14":{"start":{"line":18,"column":6},"end":{"line":20,"column":9}},"15":{"start":{"line":23,"column":17},"end":{"line":23,"column":32}},"16":{"start":{"line":24,"column":18},"end":{"line":24,"column":32}},"17":{"start":{"line":25,"column":26},"end":{"line":25,"column":48}},"18":{"start":{"line":26,"column":30},"end":{"line":26,"column":56}},"19":{"start":{"line":27,"column":26},"end":{"line":27,"column":48}},"20":{"start":{"line":28,"column":28},"end":{"line":28,"column":58}},"21":{"start":{"line":29,"column":17},"end":{"line":29,"column":54}},"22":{"start":{"line":30,"column":19},"end":{"line":30,"column":31}},"23":{"start":{"line":32,"column":4},"end":{"line":36,"column":5}},"24":{"start":{"line":33,"column":6},"end":{"line":35,"column":9}},"25":{"start":{"line":38,"column":28},"end":{"line":40,"column":13}},"26":{"start":{"line":42,"column":24},"end":{"line":53,"column":5}},"27":{"start":{"line":55,"column":4},"end":{"line":83,"column":5}},"28":{"start":{"line":56,"column":27},"end":{"line":59,"column":8}},"29":{"start":{"line":61,"column":6},"end":{"line":65,"column":7}},"30":{"start":{"line":62,"column":8},"end":{"line":64,"column":11}},"31":{"start":{"line":67,"column":6},"end":{"line":82,"column":8}},"32":{"start":{"line":85,"column":4},"end":{"line":89,"column":5}},"33":{"start":{"line":86,"column":6},"end":{"line":88,"column":9}},"34":{"start":{"line":91,"column":35},"end":{"line":91,"column":80}},"35":{"start":{"line":92,"column":31},"end":{"line":95,"column":6}},"36":{"start":{"line":93,"column":20},"end":{"line":93,"column":40}},"37":{"start":{"line":94,"column":6},"end":{"line":94,"column":52}},"38":{"start":{"line":97,"column":4},"end":{"line":102,"column":5}},"39":{"start":{"line":98,"column":6},"end":{"line":101,"column":9}},"40":{"start":{"line":104,"column":18},"end":{"line":113,"column":6}},"41":{"start":{"line":115,"column":21},"end":{"line":115,"column":39}},"42":{"start":{"line":117,"column":20},"end":{"line":122,"column":6}},"43":{"start":{"line":124,"column":4},"end":{"line":128,"column":5}},"44":{"start":{"line":125,"column":6},"end":{"line":127,"column":9}},"45":{"start":{"line":130,"column":21},"end":{"line":145,"column":5}},"46":{"start":{"line":147,"column":4},"end":{"line":152,"column":6}},"47":{"start":{"line":154,"column":4},"end":{"line":158,"column":7}},"48":{"start":{"line":160,"column":4},"end":{"line":162,"column":7}},"49":{"start":{"line":167,"column":0},"end":{"line":236,"column":3}},"50":{"start":{"line":168,"column":2},"end":{"line":235,"column":3}},"51":{"start":{"line":169,"column":23},"end":{"line":169,"column":32}},"52":{"start":{"line":171,"column":4},"end":{"line":175,"column":5}},"53":{"start":{"line":172,"column":6},"end":{"line":174,"column":9}},"54":{"start":{"line":177,"column":20},"end":{"line":177,"column":24}},"55":{"start":{"line":179,"column":4},"end":{"line":205,"column":5}},"56":{"start":{"line":180,"column":6},"end":{"line":190,"column":9}},"57":{"start":{"line":192,"column":19},"end":{"line":192,"column":31}},"58":{"start":{"line":193,"column":6},"end":{"line":204,"column":9}},"59":{"start":{"line":207,"column":4},"end":{"line":207,"column":54}},"60":{"start":{"line":207,"column":42},"end":{"line":207,"column":52}},"61":{"start":{"line":209,"column":4},"end":{"line":230,"column":5}},"62":{"start":{"line":210,"column":24},"end":{"line":219,"column":8}},"63":{"start":{"line":211,"column":8},"end":{"line":218,"column":10}},"64":{"start":{"line":221,"column":19},"end":{"line":221,"column":65}},"65":{"start":{"line":221,"column":38},"end":{"line":221,"column":64}},"66":{"start":{"line":222,"column":6},"end":{"line":222,"column":51}},"67":{"start":{"line":222,"column":28},"end":{"line":222,"column":49}},"68":{"start":{"line":223,"column":6},"end":{"line":225,"column":9}},"69":{"start":{"line":227,"column":6},"end":{"line":229,"column":9}},"70":{"start":{"line":232,"column":4},"end":{"line":234,"column":7}},"71":{"start":{"line":239,"column":0},"end":{"line":271,"column":3}},"72":{"start":{"line":240,"column":2},"end":{"line":270,"column":3}},"73":{"start":{"line":241,"column":37},"end":{"line":241,"column":46}},"74":{"start":{"line":242,"column":22},"end":{"line":255,"column":13}},"75":{"start":{"line":257,"column":18},"end":{"line":257,"column":46}},"76":{"start":{"line":258,"column":19},"end":{"line":258,"column":48}},"77":{"start":{"line":260,"column":4},"end":{"line":265,"column":7}},"78":{"start":{"line":267,"column":4},"end":{"line":269,"column":7}},"79":{"start":{"line":274,"column":0},"end":{"line":309,"column":3}},"80":{"start":{"line":275,"column":2},"end":{"line":308,"column":3}},"81":{"start":{"line":276,"column":37},"end":{"line":276,"column":46}},"82":{"start":{"line":277,"column":17},"end":{"line":277,"column":29}},"83":{"start":{"line":278,"column":18},"end":{"line":278,"column":26}},"84":{"start":{"line":280,"column":22},"end":{"line":293,"column":13}},"85":{"start":{"line":295,"column":18},"end":{"line":295,"column":51}},"86":{"start":{"line":296,"column":19},"end":{"line":296,"column":48}},"87":{"start":{"line":298,"column":4},"end":{"line":303,"column":7}},"88":{"start":{"line":305,"column":4},"end":{"line":307,"column":7}},"89":{"start":{"line":312,"column":0},"end":{"line":368,"column":3}},"90":{"start":{"line":313,"column":2},"end":{"line":367,"column":3}},"91":{"start":{"line":314,"column":20},"end":{"line":314,"column":38}},"92":{"start":{"line":316,"column":19},"end":{"line":316,"column":23}},"93":{"start":{"line":318,"column":4},"end":{"line":339,"column":5}},"94":{"start":{"line":319,"column":6},"end":{"line":327,"column":9}},"95":{"start":{"line":329,"column":19},"end":{"line":329,"column":31}},"96":{"start":{"line":330,"column":6},"end":{"line":338,"column":9}},"97":{"start":{"line":341,"column":4},"end":{"line":345,"column":5}},"98":{"start":{"line":342,"column":6},"end":{"line":344,"column":9}},"99":{"start":{"line":347,"column":16},"end":{"line":356,"column":5}},"100":{"start":{"line":358,"column":4},"end":{"line":358,"column":43}},"101":{"start":{"line":360,"column":4},"end":{"line":362,"column":7}},"102":{"start":{"line":364,"column":4},"end":{"line":366,"column":7}},"103":{"start":{"line":370,"column":0},"end":{"line":390,"column":3}},"104":{"start":{"line":371,"column":2},"end":{"line":389,"column":3}},"105":{"start":{"line":372,"column":20},"end":{"line":372,"column":38}},"106":{"start":{"line":374,"column":18},"end":{"line":374,"column":55}},"107":{"start":{"line":375,"column":22},"end":{"line":375,"column":61}},"108":{"start":{"line":377,"column":4},"end":{"line":377,"column":41}},"109":{"start":{"line":379,"column":4},"end":{"line":379,"column":44}},"110":{"start":{"line":380,"column":4},"end":{"line":380,"column":46}},"111":{"start":{"line":382,"column":4},"end":{"line":384,"column":7}},"112":{"start":{"line":386,"column":4},"end":{"line":388,"column":7}},"113":{"start":{"line":393,"column":0},"end":{"line":469,"column":3}},"114":{"start":{"line":394,"column":2},"end":{"line":468,"column":3}},"115":{"start":{"line":395,"column":4},"end":{"line":399,"column":5}},"116":{"start":{"line":396,"column":6},"end":{"line":398,"column":9}},"117":{"start":{"line":401,"column":20},"end":{"line":401,"column":38}},"118":{"start":{"line":402,"column":19},"end":{"line":402,"column":31}},"119":{"start":{"line":404,"column":21},"end":{"line":404,"column":72}},"120":{"start":{"line":406,"column":4},"end":{"line":410,"column":5}},"121":{"start":{"line":407,"column":6},"end":{"line":409,"column":9}},"122":{"start":{"line":412,"column":19},"end":{"line":412,"column":54}},"123":{"start":{"line":413,"column":20},"end":{"line":413,"column":55}},"124":{"start":{"line":415,"column":4},"end":{"line":419,"column":5}},"125":{"start":{"line":416,"column":6},"end":{"line":418,"column":9}},"126":{"start":{"line":421,"column":28},"end":{"line":428,"column":5}},"127":{"start":{"line":423,"column":8},"end":{"line":427,"column":31}},"128":{"start":{"line":430,"column":4},"end":{"line":435,"column":5}},"129":{"start":{"line":431,"column":6},"end":{"line":434,"column":9}},"130":{"start":{"line":437,"column":25},"end":{"line":441,"column":5}},"131":{"start":{"line":438,"column":6},"end":{"line":440,"column":7}},"132":{"start":{"line":443,"column":4},"end":{"line":448,"column":5}},"133":{"start":{"line":444,"column":6},"end":{"line":447,"column":9}},"134":{"start":{"line":450,"column":4},"end":{"line":455,"column":7}},"135":{"start":{"line":451,"column":6},"end":{"line":453,"column":7}},"136":{"start":{"line":452,"column":8},"end":{"line":452,"column":49}},"137":{"start":{"line":454,"column":6},"end":{"line":454,"column":18}},"138":{"start":{"line":457,"column":4},"end":{"line":457,"column":37}},"139":{"start":{"line":458,"column":4},"end":{"line":458,"column":25}},"140":{"start":{"line":460,"column":4},"end":{"line":463,"column":7}},"141":{"start":{"line":465,"column":4},"end":{"line":467,"column":7}},"142":{"start":{"line":471,"column":0},"end":{"line":528,"column":3}},"143":{"start":{"line":472,"column":2},"end":{"line":527,"column":3}},"144":{"start":{"line":473,"column":19},"end":{"line":473,"column":36}},"145":{"start":{"line":474,"column":20},"end":{"line":474,"column":36}},"146":{"start":{"line":475,"column":19},"end":{"line":475,"column":34}},"147":{"start":{"line":476,"column":19},"end":{"line":476,"column":64}},"148":{"start":{"line":478,"column":22},"end":{"line":478,"column":68}},"149":{"start":{"line":479,"column":29},"end":{"line":479,"column":74}},"150":{"start":{"line":479,"column":58},"end":{"line":479,"column":73}},"151":{"start":{"line":481,"column":4},"end":{"line":486,"column":6}},"152":{"start":{"line":488,"column":4},"end":{"line":517,"column":5}},"153":{"start":{"line":489,"column":6},"end":{"line":492,"column":8}},"154":{"start":{"line":494,"column":19},"end":{"line":494,"column":54}},"155":{"start":{"line":495,"column":20},"end":{"line":497,"column":7}},"156":{"start":{"line":496,"column":16},"end":{"line":496,"column":58}},"157":{"start":{"line":500,"column":6},"end":{"line":511,"column":7}},"158":{"start":{"line":501,"column":8},"end":{"line":501,"column":48}},"159":{"start":{"line":502,"column":8},"end":{"line":502,"column":46}},"160":{"start":{"line":504,"column":8},"end":{"line":510,"column":11}},"161":{"start":{"line":513,"column":6},"end":{"line":516,"column":9}},"162":{"start":{"line":519,"column":4},"end":{"line":522,"column":7}},"163":{"start":{"line":524,"column":4},"end":{"line":526,"column":7}},"164":{"start":{"line":530,"column":25},"end":{"line":541,"column":1}},"165":{"start":{"line":531,"column":20},"end":{"line":538,"column":4}},"166":{"start":{"line":532,"column":4},"end":{"line":537,"column":6}},"167":{"start":{"line":540,"column":2},"end":{"line":540,"column":33}},"168":{"start":{"line":543,"column":0},"end":{"line":543,"column":24}}},"fnMap":{"0":{"name":"(anonymous_0)","decl":{"start":{"line":15,"column":26},"end":{"line":15,"column":27}},"loc":{"start":{"line":15,"column":46},"end":{"line":164,"column":1}},"line":15},"1":{"name":"(anonymous_1)","decl":{"start":{"line":92,"column":59},"end":{"line":92,"column":60}},"loc":{"start":{"line":92,"column":68},"end":{"line":95,"column":5}},"line":92},"2":{"name":"(anonymous_2)","decl":{"start":{"line":167,"column":28},"end":{"line":167,"column":29}},"loc":{"start":{"line":167,"column":48},"end":{"line":236,"column":1}},"line":167},"3":{"name":"(anonymous_3)","decl":{"start":{"line":207,"column":33},"end":{"line":207,"column":34}},"loc":{"start":{"line":207,"column":42},"end":{"line":207,"column":52}},"line":207},"4":{"name":"(anonymous_4)","decl":{"start":{"line":210,"column":38},"end":{"line":210,"column":39}},"loc":{"start":{"line":210,"column":43},"end":{"line":219,"column":7}},"line":210},"5":{"name":"(anonymous_5)","decl":{"start":{"line":221,"column":33},"end":{"line":221,"column":34}},"loc":{"start":{"line":221,"column":38},"end":{"line":221,"column":64}},"line":221},"6":{"name":"(anonymous_6)","decl":{"start":{"line":222,"column":18},"end":{"line":222,"column":19}},"loc":{"start":{"line":222,"column":28},"end":{"line":222,"column":49}},"line":222},"7":{"name":"(anonymous_7)","decl":{"start":{"line":239,"column":22},"end":{"line":239,"column":23}},"loc":{"start":{"line":239,"column":42},"end":{"line":271,"column":1}},"line":239},"8":{"name":"(anonymous_8)","decl":{"start":{"line":274,"column":24},"end":{"line":274,"column":25}},"loc":{"start":{"line":274,"column":44},"end":{"line":309,"column":1}},"line":274},"9":{"name":"(anonymous_9)","decl":{"start":{"line":312,"column":30},"end":{"line":312,"column":31}},"loc":{"start":{"line":312,"column":50},"end":{"line":368,"column":1}},"line":312},"10":{"name":"(anonymous_10)","decl":{"start":{"line":370,"column":40},"end":{"line":370,"column":41}},"loc":{"start":{"line":370,"column":60},"end":{"line":390,"column":1}},"line":370},"11":{"name":"(anonymous_11)","decl":{"start":{"line":393,"column":39},"end":{"line":393,"column":40}},"loc":{"start":{"line":393,"column":59},"end":{"line":469,"column":1}},"line":393},"12":{"name":"(anonymous_12)","decl":{"start":{"line":422,"column":6},"end":{"line":422,"column":7}},"loc":{"start":{"line":423,"column":8},"end":{"line":427,"column":31}},"line":423},"13":{"name":"(anonymous_13)","decl":{"start":{"line":437,"column":48},"end":{"line":437,"column":49}},"loc":{"start":{"line":438,"column":6},"end":{"line":440,"column":7}},"line":438},"14":{"name":"(anonymous_14)","decl":{"start":{"line":450,"column":44},"end":{"line":450,"column":45}},"loc":{"start":{"line":450,"column":52},"end":{"line":455,"column":5}},"line":450},"15":{"name":"(anonymous_15)","decl":{"start":{"line":471,"column":41},"end":{"line":471,"column":42}},"loc":{"start":{"line":471,"column":61},"end":{"line":528,"column":1}},"line":471},"16":{"name":"(anonymous_16)","decl":{"start":{"line":479,"column":53},"end":{"line":479,"column":54}},"loc":{"start":{"line":479,"column":58},"end":{"line":479,"column":73}},"line":479},"17":{"name":"(anonymous_17)","decl":{"start":{"line":496,"column":8},"end":{"line":496,"column":9}},"loc":{"start":{"line":496,"column":16},"end":{"line":496,"column":58}},"line":496},"18":{"name":"(anonymous_18)","decl":{"start":{"line":530,"column":25},"end":{"line":530,"column":26}},"loc":{"start":{"line":530,"column":37},"end":{"line":541,"column":1}},"line":530},"19":{"name":"(anonymous_19)","decl":{"start":{"line":531,"column":33},"end":{"line":531,"column":34}},"loc":{"start":{"line":531,"column":41},"end":{"line":538,"column":3}},"line":531}},"branchMap":{"0":{"loc":{"start":{"line":17,"column":4},"end":{"line":21,"column":5}},"type":"if","locations":[{"start":{"line":17,"column":4},"end":{"line":21,"column":5}},{"start":{},"end":{}}],"line":17},"1":{"loc":{"start":{"line":28,"column":28},"end":{"line":28,"column":58}},"type":"binary-expr","locations":[{"start":{"line":28,"column":28},"end":{"line":28,"column":52}},{"start":{"line":28,"column":56},"end":{"line":28,"column":58}}],"line":28},"2":{"loc":{"start":{"line":29,"column":17},"end":{"line":29,"column":54}},"type":"binary-expr","locations":[{"start":{"line":29,"column":17},"end":{"line":29,"column":30}},{"start":{"line":29,"column":34},"end":{"line":29,"column":54}}],"line":29},"3":{"loc":{"start":{"line":32,"column":4},"end":{"line":36,"column":5}},"type":"if","locations":[{"start":{"line":32,"column":4},"end":{"line":36,"column":5}},{"start":{},"end":{}}],"line":32},"4":{"loc":{"start":{"line":38,"column":31},"end":{"line":38,"column":55}},"type":"binary-expr","locations":[{"start":{"line":38,"column":31},"end":{"line":38,"column":49}},{"start":{"line":38,"column":53},"end":{"line":38,"column":55}}],"line":38},"5":{"loc":{"start":{"line":39,"column":6},"end":{"line":39,"column":29}},"type":"binary-expr","locations":[{"start":{"line":39,"column":6},"end":{"line":39,"column":23}},{"start":{"line":39,"column":27},"end":{"line":39,"column":29}}],"line":39},"6":{"loc":{"start":{"line":43,"column":16},"end":{"line":43,"column":77}},"type":"binary-expr","locations":[{"start":{"line":43,"column":16},"end":{"line":43,"column":40}},{"start":{"line":43,"column":44},"end":{"line":43,"column":59}},{"start":{"line":43,"column":63},"end":{"line":43,"column":77}}],"line":43},"7":{"loc":{"start":{"line":44,"column":19},"end":{"line":44,"column":70}},"type":"binary-expr","locations":[{"start":{"line":44,"column":19},"end":{"line":44,"column":46}},{"start":{"line":44,"column":50},"end":{"line":44,"column":70}}],"line":44},"8":{"loc":{"start":{"line":50,"column":12},"end":{"line":50,"column":22}},"type":"binary-expr","locations":[{"start":{"line":50,"column":12},"end":{"line":50,"column":16}},{"start":{"line":50,"column":20},"end":{"line":50,"column":22}}],"line":50},"9":{"loc":{"start":{"line":55,"column":4},"end":{"line":83,"column":5}},"type":"if","locations":[{"start":{"line":55,"column":4},"end":{"line":83,"column":5}},{"start":{},"end":{}}],"line":55},"10":{"loc":{"start":{"line":55,"column":8},"end":{"line":55,"column":43}},"type":"binary-expr","locations":[{"start":{"line":55,"column":8},"end":{"line":55,"column":22}},{"start":{"line":55,"column":26},"end":{"line":55,"column":43}}],"line":55},"11":{"loc":{"start":{"line":61,"column":6},"end":{"line":65,"column":7}},"type":"if","locations":[{"start":{"line":61,"column":6},"end":{"line":65,"column":7}},{"start":{},"end":{}}],"line":61},"12":{"loc":{"start":{"line":69,"column":10},"end":{"line":69,"column":75}},"type":"binary-expr","locations":[{"start":{"line":69,"column":10},"end":{"line":69,"column":31}},{"start":{"line":69,"column":35},"end":{"line":69,"column":57}},{"start":{"line":69,"column":61},"end":{"line":69,"column":75}}],"line":69},"13":{"loc":{"start":{"line":71,"column":10},"end":{"line":73,"column":30}},"type":"binary-expr","locations":[{"start":{"line":71,"column":10},"end":{"line":71,"column":34}},{"start":{"line":72,"column":10},"end":{"line":72,"column":35}},{"start":{"line":73,"column":10},"end":{"line":73,"column":30}}],"line":71},"14":{"loc":{"start":{"line":85,"column":4},"end":{"line":89,"column":5}},"type":"if","locations":[{"start":{"line":85,"column":4},"end":{"line":89,"column":5}},{"start":{},"end":{}}],"line":85},"15":{"loc":{"start":{"line":94,"column":13},"end":{"line":94,"column":51}},"type":"binary-expr","locations":[{"start":{"line":94,"column":13},"end":{"line":94,"column":19}},{"start":{"line":94,"column":23},"end":{"line":94,"column":51}}],"line":94},"16":{"loc":{"start":{"line":97,"column":4},"end":{"line":102,"column":5}},"type":"if","locations":[{"start":{"line":97,"column":4},"end":{"line":102,"column":5}},{"start":{},"end":{}}],"line":97},"17":{"loc":{"start":{"line":124,"column":4},"end":{"line":128,"column":5}},"type":"if","locations":[{"start":{"line":124,"column":4},"end":{"line":128,"column":5}},{"start":{},"end":{}}],"line":124},"18":{"loc":{"start":{"line":150,"column":6},"end":{"line":150,"column":65}},"type":"binary-expr","locations":[{"start":{"line":150,"column":6},"end":{"line":150,"column":23}},{"start":{"line":150,"column":27},"end":{"line":150,"column":65}}],"line":150},"19":{"loc":{"start":{"line":171,"column":4},"end":{"line":175,"column":5}},"type":"if","locations":[{"start":{"line":171,"column":4},"end":{"line":175,"column":5}},{"start":{},"end":{}}],"line":171},"20":{"loc":{"start":{"line":179,"column":4},"end":{"line":205,"column":5}},"type":"if","locations":[{"start":{"line":179,"column":4},"end":{"line":205,"column":5}},{"start":{"line":191,"column":11},"end":{"line":205,"column":5}}],"line":179},"21":{"loc":{"start":{"line":209,"column":4},"end":{"line":230,"column":5}},"type":"if","locations":[{"start":{"line":209,"column":4},"end":{"line":230,"column":5}},{"start":{"line":226,"column":11},"end":{"line":230,"column":5}}],"line":209},"22":{"loc":{"start":{"line":241,"column":12},"end":{"line":241,"column":20}},"type":"default-arg","locations":[{"start":{"line":241,"column":19},"end":{"line":241,"column":20}}],"line":241},"23":{"loc":{"start":{"line":241,"column":22},"end":{"line":241,"column":32}},"type":"default-arg","locations":[{"start":{"line":241,"column":30},"end":{"line":241,"column":32}}],"line":241},"24":{"loc":{"start":{"line":276,"column":12},"end":{"line":276,"column":20}},"type":"default-arg","locations":[{"start":{"line":276,"column":19},"end":{"line":276,"column":20}}],"line":276},"25":{"loc":{"start":{"line":276,"column":22},"end":{"line":276,"column":32}},"type":"default-arg","locations":[{"start":{"line":276,"column":30},"end":{"line":276,"column":32}}],"line":276},"26":{"loc":{"start":{"line":318,"column":4},"end":{"line":339,"column":5}},"type":"if","locations":[{"start":{"line":318,"column":4},"end":{"line":339,"column":5}},{"start":{"line":328,"column":11},"end":{"line":339,"column":5}}],"line":318},"27":{"loc":{"start":{"line":341,"column":4},"end":{"line":345,"column":5}},"type":"if","locations":[{"start":{"line":341,"column":4},"end":{"line":345,"column":5}},{"start":{},"end":{}}],"line":341},"28":{"loc":{"start":{"line":341,"column":8},"end":{"line":341,"column":35}},"type":"binary-expr","locations":[{"start":{"line":341,"column":8},"end":{"line":341,"column":17}},{"start":{"line":341,"column":21},"end":{"line":341,"column":35}}],"line":341},"29":{"loc":{"start":{"line":395,"column":4},"end":{"line":399,"column":5}},"type":"if","locations":[{"start":{"line":395,"column":4},"end":{"line":399,"column":5}},{"start":{},"end":{}}],"line":395},"30":{"loc":{"start":{"line":406,"column":4},"end":{"line":410,"column":5}},"type":"if","locations":[{"start":{"line":406,"column":4},"end":{"line":410,"column":5}},{"start":{},"end":{}}],"line":406},"31":{"loc":{"start":{"line":412,"column":19},"end":{"line":412,"column":54}},"type":"binary-expr","locations":[{"start":{"line":412,"column":19},"end":{"line":412,"column":37}},{"start":{"line":412,"column":41},"end":{"line":412,"column":54}}],"line":412},"32":{"loc":{"start":{"line":415,"column":4},"end":{"line":419,"column":5}},"type":"if","locations":[{"start":{"line":415,"column":4},"end":{"line":419,"column":5}},{"start":{},"end":{}}],"line":415},"33":{"loc":{"start":{"line":430,"column":4},"end":{"line":435,"column":5}},"type":"if","locations":[{"start":{"line":430,"column":4},"end":{"line":435,"column":5}},{"start":{},"end":{}}],"line":430},"34":{"loc":{"start":{"line":443,"column":4},"end":{"line":448,"column":5}},"type":"if","locations":[{"start":{"line":443,"column":4},"end":{"line":448,"column":5}},{"start":{},"end":{}}],"line":443},"35":{"loc":{"start":{"line":451,"column":6},"end":{"line":453,"column":7}},"type":"if","locations":[{"start":{"line":451,"column":6},"end":{"line":453,"column":7}},{"start":{},"end":{}}],"line":451},"36":{"loc":{"start":{"line":476,"column":19},"end":{"line":476,"column":64}},"type":"binary-expr","locations":[{"start":{"line":476,"column":19},"end":{"line":476,"column":34}},{"start":{"line":476,"column":38},"end":{"line":476,"column":64}}],"line":476},"37":{"loc":{"start":{"line":488,"column":4},"end":{"line":517,"column":5}},"type":"if","locations":[{"start":{"line":488,"column":4},"end":{"line":517,"column":5}},{"start":{},"end":{}}],"line":488},"38":{"loc":{"start":{"line":500,"column":6},"end":{"line":511,"column":7}},"type":"if","locations":[{"start":{"line":500,"column":6},"end":{"line":511,"column":7}},{"start":{},"end":{}}],"line":500},"39":{"loc":{"start":{"line":508,"column":12},"end":{"line":508,"column":66}},"type":"cond-expr","locations":[{"start":{"line":508,"column":44},"end":{"line":508,"column":51}},{"start":{"line":508,"column":54},"end":{"line":508,"column":66}}],"line":508}},"s":{"0":2,"1":2,"2":2,"3":2,"4":2,"5":2,"6":2,"7":2,"8":2,"9":2,"10":2,"11":2,"12":4,"13":4,"14":1,"15":3,"16":3,"17":3,"18":3,"19":3,"20":3,"21":3,"22":3,"23":3,"24":1,"25":2,"26":2,"27":2,"28":0,"29":0,"30":0,"31":0,"32":2,"33":0,"34":2,"35":2,"36":5,"37":5,"38":2,"39":1,"40":1,"41":1,"42":1,"43":1,"44":0,"45":1,"46":1,"47":1,"48":0,"49":2,"50":2,"51":2,"52":2,"53":1,"54":1,"55":1,"56":1,"57":0,"58":0,"59":1,"60":1,"61":1,"62":1,"63":1,"64":1,"65":1,"66":1,"67":0,"68":1,"69":0,"70":0,"71":2,"72":0,"73":0,"74":0,"75":0,"76":0,"77":0,"78":0,"79":2,"80":1,"81":1,"82":1,"83":1,"84":1,"85":1,"86":1,"87":1,"88":0,"89":2,"90":1,"91":1,"92":1,"93":1,"94":0,"95":1,"96":1,"97":1,"98":0,"99":1,"100":1,"101":1,"102":0,"103":2,"104":0,"105":0,"106":0,"107":0,"108":0,"109":0,"110":0,"111":0,"112":0,"113":2,"114":1,"115":1,"116":0,"117":1,"118":1,"119":1,"120":1,"121":0,"122":1,"123":1,"124":1,"125":0,"126":1,"127":2,"128":1,"129":0,"130":1,"131":1,"132":1,"133":0,"134":1,"135":2,"136":1,"137":2,"138":1,"139":1,"140":1,"141":0,"142":2,"143":1,"144":1,"145":1,"146":1,"147":1,"148":1,"149":1,"150":1,"151":1,"152":1,"153":1,"154":1,"155":1,"156":1,"157":1,"158":1,"159":1,"160":1,"161":0,"162":0,"163":0,"164":2,"165":0,"166":0,"167":0,"168":2},"f":{"0":4,"1":5,"2":2,"3":1,"4":1,"5":1,"6":0,"7":0,"8":1,"9":1,"10":0,"11":1,"12":2,"13":1,"14":2,"15":1,"16":1,"17":1,"18":0,"19":0},"b":{"0":[1,3],"1":[3,0],"2":[3,3],"3":[1,2],"4":[2,2],"5":[2,2],"6":[2,2,2],"7":[2,0],"8":[2,2],"9":[0,2],"10":[2,2],"11":[0,0],"12":[0,0,0],"13":[0,0,0],"14":[0,2],"15":[5,4],"16":[1,1],"17":[0,1],"18":[1,1],"19":[1,1],"20":[1,0],"21":[1,0],"22":[0],"23":[0],"24":[0],"25":[0],"26":[0,1],"27":[0,1],"28":[1,1],"29":[0,1],"30":[0,1],"31":[1,0],"32":[0,1],"33":[0,1],"34":[0,1],"35":[1,1],"36":[1,0],"37":[1,0],"38":[1,0],"39":[1,0]},"_coverageSchema":"1a1c01bbd47fc00a2c39e90264f33305004495a9","hash":"a324e364d103fe95a55a93357ccc4aaf5701b7ea"}
,"C:\\Users\\NHU\\webST\\MERNStore\\server\\routes\\api\\product.js": {"path":"C:\\Users\\NHU\\webST\\MERNStore\\server\\routes\\api\\product.js","statementMap":{"0":{"start":{"line":1,"column":16},"end":{"line":1,"column":34}},"1":{"start":{"line":2,"column":15},"end":{"line":2,"column":31}},"2":{"start":{"line":3,"column":15},"end":{"line":3,"column":32}},"3":{"start":{"line":5,"column":16},"end":{"line":5,"column":47}},"4":{"start":{"line":6,"column":14},"end":{"line":6,"column":43}},"5":{"start":{"line":7,"column":17},"end":{"line":7,"column":49}},"6":{"start":{"line":8,"column":13},"end":{"line":8,"column":45}},"7":{"start":{"line":9,"column":13},"end":{"line":9,"column":45}},"8":{"start":{"line":10,"column":18},"end":{"line":10,"column":45}},"9":{"start":{"line":11,"column":21},"end":{"line":11,"column":51}},"10":{"start":{"line":15,"column":4},"end":{"line":15,"column":34}},"11":{"start":{"line":19,"column":4},"end":{"line":19,"column":39}},"12":{"start":{"line":20,"column":18},"end":{"line":20,"column":44}},"13":{"start":{"line":22,"column":16},"end":{"line":22,"column":38}},"14":{"start":{"line":23,"column":15},"end":{"line":23,"column":34}},"15":{"start":{"line":26,"column":0},"end":{"line":56,"column":3}},"16":{"start":{"line":27,"column":2},"end":{"line":55,"column":3}},"17":{"start":{"line":28,"column":17},"end":{"line":28,"column":32}},"18":{"start":{"line":30,"column":23},"end":{"line":35,"column":5}},"19":{"start":{"line":38,"column":6},"end":{"line":38,"column":73}},"20":{"start":{"line":40,"column":4},"end":{"line":44,"column":5}},"21":{"start":{"line":41,"column":6},"end":{"line":43,"column":9}},"22":{"start":{"line":46,"column":20},"end":{"line":46,"column":50}},"23":{"start":{"line":48,"column":4},"end":{"line":50,"column":7}},"24":{"start":{"line":52,"column":4},"end":{"line":54,"column":7}},"25":{"start":{"line":59,"column":0},"end":{"line":84,"column":3}},"26":{"start":{"line":60,"column":2},"end":{"line":83,"column":3}},"27":{"start":{"line":61,"column":17},"end":{"line":61,"column":32}},"28":{"start":{"line":63,"column":23},"end":{"line":66,"column":12}},"29":{"start":{"line":68,"column":4},"end":{"line":72,"column":5}},"30":{"start":{"line":69,"column":6},"end":{"line":71,"column":9}},"31":{"start":{"line":74,"column":21},"end":{"line":74,"column":56}},"32":{"start":{"line":76,"column":4},"end":{"line":78,"column":7}},"33":{"start":{"line":80,"column":4},"end":{"line":82,"column":7}},"34":{"start":{"line":87,"column":0},"end":{"line":190,"column":3}},"35":{"start":{"line":88,"column":2},"end":{"line":189,"column":3}},"36":{"start":{"line":98,"column":8},"end":{"line":98,"column":17}},"37":{"start":{"line":102,"column":26},"end":{"line":102,"column":41}},"38":{"start":{"line":103,"column":4},"end":{"line":119,"column":5}},"39":{"start":{"line":104,"column":6},"end":{"line":108,"column":7}},"40":{"start":{"line":105,"column":8},"end":{"line":105,"column":48}},"41":{"start":{"line":106,"column":13},"end":{"line":108,"column":7}},"42":{"start":{"line":107,"column":8},"end":{"line":107,"column":36}},"43":{"start":{"line":110,"column":6},"end":{"line":116,"column":7}},"44":{"start":{"line":115,"column":8},"end":{"line":115,"column":42}},"45":{"start":{"line":118,"column":6},"end":{"line":118,"column":40}},"46":{"start":{"line":121,"column":27},"end":{"line":121,"column":55}},"47":{"start":{"line":122,"column":23},"end":{"line":122,"column":62}},"48":{"start":{"line":124,"column":20},"end":{"line":124,"column":40}},"49":{"start":{"line":125,"column":24},"end":{"line":128,"column":6}},"50":{"start":{"line":130,"column":4},"end":{"line":139,"column":5}},"51":{"start":{"line":131,"column":6},"end":{"line":138,"column":9}},"52":{"start":{"line":141,"column":21},"end":{"line":144,"column":6}},"53":{"start":{"line":146,"column":4},"end":{"line":152,"column":5}},"54":{"start":{"line":147,"column":6},"end":{"line":151,"column":9}},"55":{"start":{"line":154,"column":19},"end":{"line":154,"column":23}},"56":{"start":{"line":155,"column":26},"end":{"line":155,"column":61}},"57":{"start":{"line":156,"column":18},"end":{"line":156,"column":38}},"58":{"start":{"line":157,"column":17},"end":{"line":157,"column":45}},"59":{"start":{"line":158,"column":24},"end":{"line":158,"column":56}},"60":{"start":{"line":161,"column":26},"end":{"line":165,"column":5}},"61":{"start":{"line":167,"column":4},"end":{"line":174,"column":5}},"62":{"start":{"line":168,"column":28},"end":{"line":170,"column":7}},"63":{"start":{"line":171,"column":6},"end":{"line":171,"column":78}},"64":{"start":{"line":173,"column":6},"end":{"line":173,"column":75}},"65":{"start":{"line":176,"column":31},"end":{"line":176,"column":64}},"66":{"start":{"line":178,"column":4},"end":{"line":183,"column":7}},"67":{"start":{"line":185,"column":4},"end":{"line":185,"column":32}},"68":{"start":{"line":186,"column":4},"end":{"line":188,"column":7}},"69":{"start":{"line":192,"column":0},"end":{"line":230,"column":3}},"70":{"start":{"line":193,"column":2},"end":{"line":229,"column":3}},"71":{"start":{"line":194,"column":18},"end":{"line":194,"column":46}},"72":{"start":{"line":195,"column":20},"end":{"line":195,"column":40}},"73":{"start":{"line":196,"column":22},"end":{"line":196,"column":60}},"74":{"start":{"line":197,"column":26},"end":{"line":204,"column":5}},"75":{"start":{"line":205,"column":25},"end":{"line":205,"column":72}},"76":{"start":{"line":207,"column":19},"end":{"line":207,"column":21}},"77":{"start":{"line":209,"column":4},"end":{"line":218,"column":5}},"78":{"start":{"line":210,"column":28},"end":{"line":210,"column":69}},"79":{"start":{"line":211,"column":6},"end":{"line":213,"column":8}},"80":{"start":{"line":215,"column":6},"end":{"line":217,"column":8}},"81":{"start":{"line":220,"column":31},"end":{"line":220,"column":64}},"82":{"start":{"line":222,"column":4},"end":{"line":224,"column":7}},"83":{"start":{"line":226,"column":4},"end":{"line":228,"column":7}},"84":{"start":{"line":232,"column":0},"end":{"line":264,"column":3}},"85":{"start":{"line":233,"column":2},"end":{"line":263,"column":3}},"86":{"start":{"line":234,"column":18},"end":{"line":234,"column":46}},"87":{"start":{"line":235,"column":37},"end":{"line":235,"column":46}},"88":{"start":{"line":236,"column":20},"end":{"line":236,"column":40}},"89":{"start":{"line":237,"column":22},"end":{"line":237,"column":61}},"90":{"start":{"line":238,"column":25},"end":{"line":241,"column":5}},"91":{"start":{"line":243,"column":19},"end":{"line":243,"column":21}},"92":{"start":{"line":245,"column":4},"end":{"line":252,"column":5}},"93":{"start":{"line":246,"column":28},"end":{"line":246,"column":69}},"94":{"start":{"line":247,"column":6},"end":{"line":249,"column":8}},"95":{"start":{"line":251,"column":6},"end":{"line":251,"column":73}},"96":{"start":{"line":254,"column":31},"end":{"line":254,"column":64}},"97":{"start":{"line":256,"column":4},"end":{"line":258,"column":7}},"98":{"start":{"line":260,"column":4},"end":{"line":262,"column":7}},"99":{"start":{"line":266,"column":0},"end":{"line":278,"column":3}},"100":{"start":{"line":267,"column":2},"end":{"line":277,"column":3}},"101":{"start":{"line":268,"column":21},"end":{"line":268,"column":51}},"102":{"start":{"line":270,"column":4},"end":{"line":272,"column":7}},"103":{"start":{"line":274,"column":4},"end":{"line":276,"column":7}},"104":{"start":{"line":281,"column":0},"end":{"line":356,"column":2}},"105":{"start":{"line":287,"column":4},"end":{"line":354,"column":5}},"106":{"start":{"line":288,"column":18},"end":{"line":288,"column":30}},"107":{"start":{"line":289,"column":19},"end":{"line":289,"column":32}},"108":{"start":{"line":290,"column":26},"end":{"line":290,"column":46}},"109":{"start":{"line":291,"column":23},"end":{"line":291,"column":40}},"110":{"start":{"line":292,"column":20},"end":{"line":292,"column":34}},"111":{"start":{"line":293,"column":22},"end":{"line":293,"column":38}},"112":{"start":{"line":294,"column":23},"end":{"line":294,"column":40}},"113":{"start":{"line":295,"column":25},"end":{"line":295,"column":44}},"114":{"start":{"line":296,"column":20},"end":{"line":296,"column":34}},"115":{"start":{"line":297,"column":20},"end":{"line":297,"column":28}},"116":{"start":{"line":299,"column":6},"end":{"line":301,"column":7}},"117":{"start":{"line":300,"column":8},"end":{"line":300,"column":70}},"118":{"start":{"line":303,"column":6},"end":{"line":307,"column":7}},"119":{"start":{"line":304,"column":8},"end":{"line":306,"column":65}},"120":{"start":{"line":309,"column":6},"end":{"line":311,"column":7}},"121":{"start":{"line":310,"column":8},"end":{"line":310,"column":77}},"122":{"start":{"line":313,"column":6},"end":{"line":315,"column":7}},"123":{"start":{"line":314,"column":8},"end":{"line":314,"column":74}},"124":{"start":{"line":317,"column":27},"end":{"line":317,"column":57}},"125":{"start":{"line":319,"column":6},"end":{"line":321,"column":7}},"126":{"start":{"line":320,"column":8},"end":{"line":320,"column":78}},"127":{"start":{"line":323,"column":37},"end":{"line":323,"column":58}},"128":{"start":{"line":325,"column":22},"end":{"line":341,"column":8}},"129":{"start":{"line":343,"column":27},"end":{"line":343,"column":47}},"130":{"start":{"line":345,"column":6},"end":{"line":349,"column":9}},"131":{"start":{"line":351,"column":6},"end":{"line":353,"column":9}},"132":{"start":{"line":359,"column":0},"end":{"line":404,"column":2}},"133":{"start":{"line":364,"column":4},"end":{"line":402,"column":5}},"134":{"start":{"line":365,"column":21},"end":{"line":365,"column":23}},"135":{"start":{"line":367,"column":6},"end":{"line":391,"column":7}},"136":{"start":{"line":368,"column":23},"end":{"line":370,"column":38}},"137":{"start":{"line":372,"column":24},"end":{"line":372,"column":42}},"138":{"start":{"line":374,"column":8},"end":{"line":382,"column":35}},"139":{"start":{"line":384,"column":8},"end":{"line":390,"column":11}},"140":{"start":{"line":393,"column":33},"end":{"line":393,"column":66}},"141":{"start":{"line":395,"column":6},"end":{"line":397,"column":9}},"142":{"start":{"line":399,"column":6},"end":{"line":401,"column":9}},"143":{"start":{"line":407,"column":0},"end":{"line":454,"column":2}},"144":{"start":{"line":412,"column":4},"end":{"line":452,"column":5}},"145":{"start":{"line":413,"column":24},"end":{"line":413,"column":37}},"146":{"start":{"line":415,"column":23},"end":{"line":415,"column":27}},"147":{"start":{"line":417,"column":6},"end":{"line":435,"column":7}},"148":{"start":{"line":418,"column":23},"end":{"line":420,"column":38}},"149":{"start":{"line":422,"column":24},"end":{"line":422,"column":40}},"150":{"start":{"line":424,"column":8},"end":{"line":429,"column":35}},"151":{"start":{"line":431,"column":8},"end":{"line":434,"column":11}},"152":{"start":{"line":437,"column":6},"end":{"line":441,"column":7}},"153":{"start":{"line":438,"column":8},"end":{"line":440,"column":11}},"154":{"start":{"line":443,"column":22},"end":{"line":443,"column":52}},"155":{"start":{"line":445,"column":6},"end":{"line":447,"column":9}},"156":{"start":{"line":449,"column":6},"end":{"line":451,"column":9}},"157":{"start":{"line":456,"column":0},"end":{"line":499,"column":2}},"158":{"start":{"line":461,"column":4},"end":{"line":497,"column":5}},"159":{"start":{"line":462,"column":24},"end":{"line":462,"column":37}},"160":{"start":{"line":463,"column":21},"end":{"line":463,"column":37}},"161":{"start":{"line":464,"column":20},"end":{"line":464,"column":38}},"162":{"start":{"line":465,"column":28},"end":{"line":465,"column":44}},"163":{"start":{"line":467,"column":27},"end":{"line":469,"column":8}},"164":{"start":{"line":471,"column":6},"end":{"line":475,"column":7}},"165":{"start":{"line":472,"column":8},"end":{"line":474,"column":61}},"166":{"start":{"line":477,"column":6},"end":{"line":483,"column":7}},"167":{"start":{"line":478,"column":8},"end":{"line":482,"column":36}},"168":{"start":{"line":485,"column":6},"end":{"line":487,"column":9}},"169":{"start":{"line":489,"column":6},"end":{"line":492,"column":9}},"170":{"start":{"line":494,"column":6},"end":{"line":496,"column":9}},"171":{"start":{"line":501,"column":0},"end":{"line":525,"column":2}},"172":{"start":{"line":506,"column":4},"end":{"line":523,"column":5}},"173":{"start":{"line":507,"column":24},"end":{"line":507,"column":37}},"174":{"start":{"line":508,"column":21},"end":{"line":508,"column":37}},"175":{"start":{"line":509,"column":20},"end":{"line":509,"column":38}},"176":{"start":{"line":511,"column":6},"end":{"line":513,"column":9}},"177":{"start":{"line":515,"column":6},"end":{"line":518,"column":9}},"178":{"start":{"line":520,"column":6},"end":{"line":522,"column":9}},"179":{"start":{"line":527,"column":0},"end":{"line":546,"column":2}},"180":{"start":{"line":532,"column":4},"end":{"line":544,"column":5}},"181":{"start":{"line":533,"column":22},"end":{"line":533,"column":69}},"182":{"start":{"line":535,"column":6},"end":{"line":539,"column":9}},"183":{"start":{"line":541,"column":6},"end":{"line":543,"column":9}},"184":{"start":{"line":548,"column":0},"end":{"line":548,"column":24}}},"fnMap":{"0":{"name":"(anonymous_0)","decl":{"start":{"line":26,"column":26},"end":{"line":26,"column":27}},"loc":{"start":{"line":26,"column":46},"end":{"line":56,"column":1}},"line":26},"1":{"name":"(anonymous_1)","decl":{"start":{"line":59,"column":33},"end":{"line":59,"column":34}},"loc":{"start":{"line":59,"column":53},"end":{"line":84,"column":1}},"line":59},"2":{"name":"(anonymous_2)","decl":{"start":{"line":87,"column":20},"end":{"line":87,"column":21}},"loc":{"start":{"line":87,"column":40},"end":{"line":190,"column":1}},"line":87},"3":{"name":"(anonymous_3)","decl":{"start":{"line":192,"column":24},"end":{"line":192,"column":25}},"loc":{"start":{"line":192,"column":44},"end":{"line":230,"column":1}},"line":192},"4":{"name":"(anonymous_4)","decl":{"start":{"line":232,"column":23},"end":{"line":232,"column":24}},"loc":{"start":{"line":232,"column":43},"end":{"line":264,"column":1}},"line":232},"5":{"name":"(anonymous_5)","decl":{"start":{"line":266,"column":33},"end":{"line":266,"column":34}},"loc":{"start":{"line":266,"column":53},"end":{"line":278,"column":1}},"line":266},"6":{"name":"(anonymous_6)","decl":{"start":{"line":286,"column":2},"end":{"line":286,"column":3}},"loc":{"start":{"line":286,"column":22},"end":{"line":355,"column":3}},"line":286},"7":{"name":"(anonymous_7)","decl":{"start":{"line":363,"column":2},"end":{"line":363,"column":3}},"loc":{"start":{"line":363,"column":22},"end":{"line":403,"column":3}},"line":363},"8":{"name":"(anonymous_8)","decl":{"start":{"line":411,"column":2},"end":{"line":411,"column":3}},"loc":{"start":{"line":411,"column":22},"end":{"line":453,"column":3}},"line":411},"9":{"name":"(anonymous_9)","decl":{"start":{"line":460,"column":2},"end":{"line":460,"column":3}},"loc":{"start":{"line":460,"column":22},"end":{"line":498,"column":3}},"line":460},"10":{"name":"(anonymous_10)","decl":{"start":{"line":505,"column":2},"end":{"line":505,"column":3}},"loc":{"start":{"line":505,"column":22},"end":{"line":524,"column":3}},"line":505},"11":{"name":"(anonymous_11)","decl":{"start":{"line":531,"column":2},"end":{"line":531,"column":3}},"loc":{"start":{"line":531,"column":22},"end":{"line":545,"column":3}},"line":531}},"branchMap":{"0":{"loc":{"start":{"line":38,"column":6},"end":{"line":38,"column":73}},"type":"binary-expr","locations":[{"start":{"line":38,"column":6},"end":{"line":38,"column":32}},{"start":{"line":38,"column":36},"end":{"line":38,"column":73}}],"line":38},"1":{"loc":{"start":{"line":40,"column":4},"end":{"line":44,"column":5}},"type":"if","locations":[{"start":{"line":40,"column":4},"end":{"line":44,"column":5}},{"start":{},"end":{}}],"line":40},"2":{"loc":{"start":{"line":40,"column":8},"end":{"line":40,"column":33}},"type":"binary-expr","locations":[{"start":{"line":40,"column":8},"end":{"line":40,"column":19}},{"start":{"line":40,"column":23},"end":{"line":40,"column":33}}],"line":40},"3":{"loc":{"start":{"line":68,"column":4},"end":{"line":72,"column":5}},"type":"if","locations":[{"start":{"line":68,"column":4},"end":{"line":72,"column":5}},{"start":{},"end":{}}],"line":68},"4":{"loc":{"start":{"line":68,"column":8},"end":{"line":68,"column":44}},"type":"binary-expr","locations":[{"start":{"line":68,"column":8},"end":{"line":68,"column":19}},{"start":{"line":68,"column":23},"end":{"line":68,"column":44}}],"line":68},"5":{"loc":{"start":{"line":96,"column":6},"end":{"line":96,"column":14}},"type":"default-arg","locations":[{"start":{"line":96,"column":13},"end":{"line":96,"column":14}}],"line":96},"6":{"loc":{"start":{"line":97,"column":6},"end":{"line":97,"column":16}},"type":"default-arg","locations":[{"start":{"line":97,"column":14},"end":{"line":97,"column":16}}],"line":97},"7":{"loc":{"start":{"line":104,"column":6},"end":{"line":108,"column":7}},"type":"if","locations":[{"start":{"line":104,"column":6},"end":{"line":108,"column":7}},{"start":{"line":106,"column":13},"end":{"line":108,"column":7}}],"line":104},"8":{"loc":{"start":{"line":104,"column":10},"end":{"line":104,"column":59}},"type":"binary-expr","locations":[{"start":{"line":104,"column":10},"end":{"line":104,"column":39}},{"start":{"line":104,"column":43},"end":{"line":104,"column":59}}],"line":104},"9":{"loc":{"start":{"line":106,"column":13},"end":{"line":108,"column":7}},"type":"if","locations":[{"start":{"line":106,"column":13},"end":{"line":108,"column":7}},{"start":{},"end":{}}],"line":106},"10":{"loc":{"start":{"line":106,"column":17},"end":{"line":106,"column":59}},"type":"binary-expr","locations":[{"start":{"line":106,"column":17},"end":{"line":106,"column":26}},{"start":{"line":106,"column":30},"end":{"line":106,"column":59}}],"line":106},"11":{"loc":{"start":{"line":110,"column":6},"end":{"line":116,"column":7}},"type":"if","locations":[{"start":{"line":110,"column":6},"end":{"line":116,"column":7}},{"start":{},"end":{}}],"line":110},"12":{"loc":{"start":{"line":111,"column":8},"end":{"line":113,"column":49}},"type":"binary-expr","locations":[{"start":{"line":111,"column":8},"end":{"line":111,"column":24}},{"start":{"line":112,"column":8},"end":{"line":112,"column":43}},{"start":{"line":113,"column":8},"end":{"line":113,"column":49}}],"line":111},"13":{"loc":{"start":{"line":121,"column":27},"end":{"line":121,"column":55}},"type":"cond-expr","locations":[{"start":{"line":121,"column":38},"end":{"line":121,"column":50}},{"start":{"line":121,"column":53},"end":{"line":121,"column":55}}],"line":121},"14":{"loc":{"start":{"line":130,"column":4},"end":{"line":139,"column":5}},"type":"if","locations":[{"start":{"line":130,"column":4},"end":{"line":139,"column":5}},{"start":{},"end":{}}],"line":130},"15":{"loc":{"start":{"line":146,"column":4},"end":{"line":152,"column":5}},"type":"if","locations":[{"start":{"line":146,"column":4},"end":{"line":152,"column":5}},{"start":{},"end":{}}],"line":146},"16":{"loc":{"start":{"line":157,"column":17},"end":{"line":157,"column":45}},"type":"cond-expr","locations":[{"start":{"line":157,"column":33},"end":{"line":157,"column":41}},{"start":{"line":157,"column":44},"end":{"line":157,"column":45}}],"line":157},"17":{"loc":{"start":{"line":158,"column":24},"end":{"line":158,"column":56}},"type":"cond-expr","locations":[{"start":{"line":158,"column":40},"end":{"line":158,"column":52}},{"start":{"line":158,"column":55},"end":{"line":158,"column":56}}],"line":158},"18":{"loc":{"start":{"line":167,"column":4},"end":{"line":174,"column":5}},"type":"if","locations":[{"start":{"line":167,"column":4},"end":{"line":174,"column":5}},{"start":{"line":172,"column":11},"end":{"line":174,"column":5}}],"line":167},"19":{"loc":{"start":{"line":194,"column":18},"end":{"line":194,"column":46}},"type":"binary-expr","locations":[{"start":{"line":194,"column":18},"end":{"line":194,"column":41}},{"start":{"line":194,"column":45},"end":{"line":194,"column":46}}],"line":194},"20":{"loc":{"start":{"line":209,"column":4},"end":{"line":218,"column":5}},"type":"if","locations":[{"start":{"line":209,"column":4},"end":{"line":218,"column":5}},{"start":{"line":214,"column":11},"end":{"line":218,"column":5}}],"line":209},"21":{"loc":{"start":{"line":234,"column":18},"end":{"line":234,"column":46}},"type":"binary-expr","locations":[{"start":{"line":234,"column":18},"end":{"line":234,"column":41}},{"start":{"line":234,"column":45},"end":{"line":234,"column":46}}],"line":234},"22":{"loc":{"start":{"line":235,"column":22},"end":{"line":235,"column":32}},"type":"default-arg","locations":[{"start":{"line":235,"column":31},"end":{"line":235,"column":32}}],"line":235},"23":{"loc":{"start":{"line":245,"column":4},"end":{"line":252,"column":5}},"type":"if","locations":[{"start":{"line":245,"column":4},"end":{"line":252,"column":5}},{"start":{"line":250,"column":11},"end":{"line":252,"column":5}}],"line":245},"24":{"loc":{"start":{"line":299,"column":6},"end":{"line":301,"column":7}},"type":"if","locations":[{"start":{"line":299,"column":6},"end":{"line":301,"column":7}},{"start":{},"end":{}}],"line":299},"25":{"loc":{"start":{"line":303,"column":6},"end":{"line":307,"column":7}},"type":"if","locations":[{"start":{"line":303,"column":6},"end":{"line":307,"column":7}},{"start":{},"end":{}}],"line":303},"26":{"loc":{"start":{"line":303,"column":10},"end":{"line":303,"column":31}},"type":"binary-expr","locations":[{"start":{"line":303,"column":10},"end":{"line":303,"column":22}},{"start":{"line":303,"column":26},"end":{"line":303,"column":31}}],"line":303},"27":{"loc":{"start":{"line":309,"column":6},"end":{"line":311,"column":7}},"type":"if","locations":[{"start":{"line":309,"column":6},"end":{"line":311,"column":7}},{"start":{},"end":{}}],"line":309},"28":{"loc":{"start":{"line":313,"column":6},"end":{"line":315,"column":7}},"type":"if","locations":[{"start":{"line":313,"column":6},"end":{"line":315,"column":7}},{"start":{},"end":{}}],"line":313},"29":{"loc":{"start":{"line":319,"column":6},"end":{"line":321,"column":7}},"type":"if","locations":[{"start":{"line":319,"column":6},"end":{"line":321,"column":7}},{"start":{},"end":{}}],"line":319},"30":{"loc":{"start":{"line":334,"column":10},"end":{"line":337,"column":28}},"type":"binary-expr","locations":[{"start":{"line":334,"column":10},"end":{"line":334,"column":29}},{"start":{"line":335,"column":10},"end":{"line":335,"column":31}},{"start":{"line":336,"column":10},"end":{"line":336,"column":26}},{"start":{"line":337,"column":10},"end":{"line":337,"column":28}}],"line":334},"31":{"loc":{"start":{"line":367,"column":6},"end":{"line":391,"column":7}},"type":"if","locations":[{"start":{"line":367,"column":6},"end":{"line":391,"column":7}},{"start":{"line":383,"column":13},"end":{"line":391,"column":7}}],"line":367},"32":{"loc":{"start":{"line":417,"column":6},"end":{"line":435,"column":7}},"type":"if","locations":[{"start":{"line":417,"column":6},"end":{"line":435,"column":7}},{"start":{"line":430,"column":13},"end":{"line":435,"column":7}}],"line":417},"33":{"loc":{"start":{"line":437,"column":6},"end":{"line":441,"column":7}},"type":"if","locations":[{"start":{"line":437,"column":6},"end":{"line":441,"column":7}},{"start":{},"end":{}}],"line":437},"34":{"loc":{"start":{"line":471,"column":6},"end":{"line":475,"column":7}},"type":"if","locations":[{"start":{"line":471,"column":6},"end":{"line":475,"column":7}},{"start":{},"end":{}}],"line":471},"35":{"loc":{"start":{"line":471,"column":10},"end":{"line":471,"column":55}},"type":"binary-expr","locations":[{"start":{"line":471,"column":10},"end":{"line":471,"column":22}},{"start":{"line":471,"column":26},"end":{"line":471,"column":55}}],"line":471},"36":{"loc":{"start":{"line":477,"column":6},"end":{"line":483,"column":7}},"type":"if","locations":[{"start":{"line":477,"column":6},"end":{"line":483,"column":7}},{"start":{},"end":{}}],"line":477},"37":{"loc":{"start":{"line":479,"column":10},"end":{"line":482,"column":35}},"type":"binary-expr","locations":[{"start":{"line":479,"column":10},"end":{"line":479,"column":36}},{"start":{"line":480,"column":10},"end":{"line":480,"column":38}},{"start":{"line":481,"column":10},"end":{"line":481,"column":33}},{"start":{"line":482,"column":10},"end":{"line":482,"column":35}}],"line":479}},"s":{"0":2,"1":2,"2":2,"3":2,"4":2,"5":2,"6":2,"7":2,"8":2,"9":2,"10":2,"11":2,"12":2,"13":2,"14":2,"15":2,"16":2,"17":2,"18":2,"19":2,"20":2,"21":1,"22":1,"23":1,"24":0,"25":2,"26":3,"27":3,"28":3,"29":2,"30":1,"31":1,"32":1,"33":1,"34":2,"35":1,"36":1,"37":1,"38":1,"39":1,"40":0,"41":1,"42":0,"43":1,"44":0,"45":0,"46":1,"47":1,"48":1,"49":1,"50":1,"51":1,"52":1,"53":1,"54":1,"55":1,"56":1,"57":1,"58":1,"59":1,"60":1,"61":1,"62":1,"63":1,"64":0,"65":1,"66":1,"67":0,"68":0,"69":2,"70":1,"71":1,"72":1,"73":1,"74":1,"75":1,"76":1,"77":1,"78":0,"79":0,"80":1,"81":1,"82":1,"83":0,"84":2,"85":1,"86":1,"87":1,"88":1,"89":1,"90":1,"91":1,"92":1,"93":0,"94":0,"95":1,"96":1,"97":1,"98":0,"99":2,"100":1,"101":1,"102":1,"103":0,"104":2,"105":0,"106":0,"107":0,"108":0,"109":0,"110":0,"111":0,"112":0,"113":0,"114":0,"115":0,"116":0,"117":0,"118":0,"119":0,"120":0,"121":0,"122":0,"123":0,"124":0,"125":0,"126":0,"127":0,"128":0,"129":0,"130":0,"131":0,"132":2,"133":0,"134":0,"135":0,"136":0,"137":0,"138":0,"139":0,"140":0,"141":0,"142":0,"143":2,"144":0,"145":0,"146":0,"147":0,"148":0,"149":0,"150":0,"151":0,"152":0,"153":0,"154":0,"155":0,"156":0,"157":2,"158":0,"159":0,"160":0,"161":0,"162":0,"163":0,"164":0,"165":0,"166":0,"167":0,"168":0,"169":0,"170":0,"171":2,"172":0,"173":0,"174":0,"175":0,"176":0,"177":0,"178":0,"179":2,"180":0,"181":0,"182":0,"183":0,"184":2},"f":{"0":2,"1":3,"2":1,"3":1,"4":1,"5":1,"6":0,"7":0,"8":0,"9":0,"10":0,"11":0},"b":{"0":[2,2],"1":[1,1],"2":[2,2],"3":[1,1],"4":[2,2],"5":[0],"6":[0],"7":[0,1],"8":[1,0],"9":[0,1],"10":[1,0],"11":[0,1],"12":[1,1,1],"13":[1,0],"14":[1,0],"15":[1,0],"16":[0,1],"17":[0,1],"18":[1,0],"19":[1,0],"20":[0,1],"21":[1,0],"22":[0],"23":[0,1],"24":[0,0],"25":[0,0],"26":[0,0],"27":[0,0],"28":[0,0],"29":[0,0],"30":[0,0,0,0],"31":[0,0],"32":[0,0],"33":[0,0],"34":[0,0],"35":[0,0],"36":[0,0],"37":[0,0,0,0]},"_coverageSchema":"1a1c01bbd47fc00a2c39e90264f33305004495a9","hash":"86a9e720a70cfdf8fa30f3e946c1e3ba9bd2cc98"}
,"C:\\Users\\NHU\\webST\\MERNStore\\server\\utils\\auth.js": {"path":"C:\\Users\\NHU\\webST\\MERNStore\\server\\utils\\auth.js","statementMap":{"0":{"start":{"line":1,"column":12},"end":{"line":1,"column":35}},"1":{"start":{"line":3,"column":18},"end":{"line":21,"column":1}},"2":{"start":{"line":4,"column":2},"end":{"line":20,"column":3}},"3":{"start":{"line":5,"column":4},"end":{"line":7,"column":5}},"4":{"start":{"line":6,"column":6},"end":{"line":6,"column":18}},"5":{"start":{"line":10,"column":6},"end":{"line":11,"column":31}},"6":{"start":{"line":13,"column":4},"end":{"line":15,"column":5}},"7":{"start":{"line":14,"column":6},"end":{"line":14,"column":18}},"8":{"start":{"line":17,"column":4},"end":{"line":17,"column":17}},"9":{"start":{"line":19,"column":4},"end":{"line":19,"column":16}},"10":{"start":{"line":23,"column":0},"end":{"line":23,"column":27}}},"fnMap":{"0":{"name":"(anonymous_0)","decl":{"start":{"line":3,"column":18},"end":{"line":3,"column":19}},"loc":{"start":{"line":3,"column":31},"end":{"line":21,"column":1}},"line":3}},"branchMap":{"0":{"loc":{"start":{"line":5,"column":4},"end":{"line":7,"column":5}},"type":"if","locations":[{"start":{"line":5,"column":4},"end":{"line":7,"column":5}},{"start":{},"end":{}}],"line":5},"1":{"loc":{"start":{"line":10,"column":6},"end":{"line":11,"column":31}},"type":"binary-expr","locations":[{"start":{"line":10,"column":7},"end":{"line":10,"column":64}},{"start":{"line":11,"column":6},"end":{"line":11,"column":31}}],"line":10},"2":{"loc":{"start":{"line":13,"column":4},"end":{"line":15,"column":5}},"type":"if","locations":[{"start":{"line":13,"column":4},"end":{"line":15,"column":5}},{"start":{},"end":{}}],"line":13}},"s":{"0":1,"1":1,"2":0,"3":0,"4":0,"5":0,"6":0,"7":0,"8":0,"9":0,"10":1},"f":{"0":0},"b":{"0":[0,0],"1":[0,0],"2":[0,0]},"_coverageSchema":"1a1c01bbd47fc00a2c39e90264f33305004495a9","hash":"9c8fcd1139741de33f264fb31eaede51f4a00b54"}
,"C:\\Users\\NHU\\webST\\MERNStore\\server\\utils\\cartPermissions.js": {"path":"C:\\Users\\NHU\\webST\\MERNStore\\server\\utils\\cartPermissions.js","statementMap":{"0":{"start":{"line":1,"column":18},"end":{"line":1,"column":41}},"1":{"start":{"line":7,"column":24},"end":{"line":31,"column":1}},"2":{"start":{"line":8,"column":2},"end":{"line":16,"column":3}},"3":{"start":{"line":9,"column":4},"end":{"line":15,"column":6}},"4":{"start":{"line":18,"column":2},"end":{"line":28,"column":3}},"5":{"start":{"line":19,"column":4},"end":{"line":27,"column":6}},"6":{"start":{"line":30,"column":2},"end":{"line":30,"column":27}},"7":{"start":{"line":33,"column":0},"end":{"line":33,"column":37}}},"fnMap":{"0":{"name":"(anonymous_0)","decl":{"start":{"line":7,"column":24},"end":{"line":7,"column":25}},"loc":{"start":{"line":7,"column":32},"end":{"line":31,"column":1}},"line":7}},"branchMap":{"0":{"loc":{"start":{"line":8,"column":2},"end":{"line":16,"column":3}},"type":"if","locations":[{"start":{"line":8,"column":2},"end":{"line":16,"column":3}},{"start":{},"end":{}}],"line":8},"1":{"loc":{"start":{"line":18,"column":2},"end":{"line":28,"column":3}},"type":"if","locations":[{"start":{"line":18,"column":2},"end":{"line":28,"column":3}},{"start":{},"end":{}}],"line":18}},"s":{"0":3,"1":3,"2":13,"3":3,"4":10,"5":3,"6":7,"7":3},"f":{"0":13},"b":{"0":[3,10],"1":[3,7]},"_coverageSchema":"1a1c01bbd47fc00a2c39e90264f33305004495a9","hash":"c71c6f540d621d4931e724d9ed0e2229bb2b7091"}
,"C:\\Users\\NHU\\webST\\MERNStore\\server\\utils\\productImage.js": {"path":"C:\\Users\\NHU\\webST\\MERNStore\\server\\utils\\productImage.js","statementMap":{"0":{"start":{"line":1,"column":42},"end":{"line":1,"column":79}},"1":{"start":{"line":3,"column":16},"end":{"line":7,"column":18}},"2":{"start":{"line":4,"column":2},"end":{"line":7,"column":18}},"3":{"start":{"line":9,"column":19},"end":{"line":20,"column":1}},"4":{"start":{"line":10,"column":16},"end":{"line":10,"column":35}},"5":{"start":{"line":11,"column":13},"end":{"line":11,"column":14}},"6":{"start":{"line":13,"column":2},"end":{"line":17,"column":3}},"7":{"start":{"line":13,"column":15},"end":{"line":13,"column":16}},"8":{"start":{"line":14,"column":17},"end":{"line":14,"column":36}},"9":{"start":{"line":15,"column":4},"end":{"line":15,"column":37}},"10":{"start":{"line":16,"column":4},"end":{"line":16,"column":14}},"11":{"start":{"line":19,"column":2},"end":{"line":19,"column":14}},"12":{"start":{"line":22,"column":29},"end":{"line":32,"column":1}},"13":{"start":{"line":23,"column":17},"end":{"line":23,"column":40}},"14":{"start":{"line":25,"column":2},"end":{"line":29,"column":3}},"15":{"start":{"line":26,"column":4},"end":{"line":28,"column":5}},"16":{"start":{"line":26,"column":33},"end":{"line":26,"column":57}},"17":{"start":{"line":27,"column":6},"end":{"line":27,"column":22}},"18":{"start":{"line":31,"column":2},"end":{"line":31,"column":14}},"19":{"start":{"line":34,"column":34},"end":{"line":63,"column":1}},"20":{"start":{"line":35,"column":2},"end":{"line":37,"column":3}},"21":{"start":{"line":36,"column":4},"end":{"line":36,"column":14}},"22":{"start":{"line":39,"column":16},"end":{"line":39,"column":18}},"23":{"start":{"line":41,"column":2},"end":{"line":41,"column":45}},"24":{"start":{"line":41,"column":20},"end":{"line":41,"column":45}},"25":{"start":{"line":42,"column":2},"end":{"line":42,"column":45}},"26":{"start":{"line":42,"column":20},"end":{"line":42,"column":45}},"27":{"start":{"line":43,"column":2},"end":{"line":43,"column":43}},"28":{"start":{"line":43,"column":19},"end":{"line":43,"column":43}},"29":{"start":{"line":45,"column":2},"end":{"line":52,"column":3}},"30":{"start":{"line":46,"column":4},"end":{"line":51,"column":5}},"31":{"start":{"line":47,"column":6},"end":{"line":47,"column":32}},"32":{"start":{"line":49,"column":6},"end":{"line":49,"column":61}},"33":{"start":{"line":49,"column":30},"end":{"line":49,"column":61}},"34":{"start":{"line":50,"column":6},"end":{"line":50,"column":61}},"35":{"start":{"line":50,"column":30},"end":{"line":50,"column":61}},"36":{"start":{"line":54,"column":2},"end":{"line":60,"column":3}},"37":{"start":{"line":55,"column":4},"end":{"line":59,"column":5}},"38":{"start":{"line":56,"column":6},"end":{"line":56,"column":35}},"39":{"start":{"line":57,"column":11},"end":{"line":59,"column":5}},"40":{"start":{"line":58,"column":6},"end":{"line":58,"column":40}},"41":{"start":{"line":62,"column":2},"end":{"line":62,"column":25}},"42":{"start":{"line":65,"column":24},"end":{"line":71,"column":1}},"43":{"start":{"line":66,"column":2},"end":{"line":68,"column":3}},"44":{"start":{"line":67,"column":4},"end":{"line":67,"column":26}},"45":{"start":{"line":70,"column":2},"end":{"line":70,"column":50}},"46":{"start":{"line":70,"column":35},"end":{"line":70,"column":48}},"47":{"start":{"line":73,"column":27},"end":{"line":91,"column":1}},"48":{"start":{"line":74,"column":26},"end":{"line":74,"column":60}},"49":{"start":{"line":75,"column":23},"end":{"line":75,"column":60}},"50":{"start":{"line":76,"column":2},"end":{"line":78,"column":3}},"51":{"start":{"line":77,"column":4},"end":{"line":77,"column":24}},"52":{"start":{"line":80,"column":15},"end":{"line":80,"column":32}},"53":{"start":{"line":82,"column":4},"end":{"line":87,"column":19}},"54":{"start":{"line":89,"column":16},"end":{"line":89,"column":62}},"55":{"start":{"line":90,"column":2},"end":{"line":90,"column":21}},"56":{"start":{"line":93,"column":21},"end":{"line":99,"column":1}},"57":{"start":{"line":94,"column":2},"end":{"line":94,"column":31}},"58":{"start":{"line":94,"column":16},"end":{"line":94,"column":31}},"59":{"start":{"line":95,"column":2},"end":{"line":97,"column":3}},"60":{"start":{"line":96,"column":4},"end":{"line":96,"column":30}},"61":{"start":{"line":98,"column":2},"end":{"line":98,"column":24}},"62":{"start":{"line":101,"column":27},"end":{"line":111,"column":1}},"63":{"start":{"line":102,"column":2},"end":{"line":102,"column":31}},"64":{"start":{"line":102,"column":16},"end":{"line":102,"column":31}},"65":{"start":{"line":104,"column":17},"end":{"line":104,"column":38}},"66":{"start":{"line":106,"column":2},"end":{"line":108,"column":3}},"67":{"start":{"line":107,"column":4},"end":{"line":107,"column":49}},"68":{"start":{"line":110,"column":2},"end":{"line":110,"column":16}},"69":{"start":{"line":113,"column":32},"end":{"line":116,"column":1}},"70":{"start":{"line":114,"column":2},"end":{"line":114,"column":42}},"71":{"start":{"line":114,"column":32},"end":{"line":114,"column":42}},"72":{"start":{"line":115,"column":2},"end":{"line":115,"column":56}},"73":{"start":{"line":115,"column":30},"end":{"line":115,"column":54}},"74":{"start":{"line":118,"column":0},"end":{"line":122,"column":2}}},"fnMap":{"0":{"name":"(anonymous_0)","decl":{"start":{"line":3,"column":16},"end":{"line":3,"column":17}},"loc":{"start":{"line":4,"column":2},"end":{"line":7,"column":18}},"line":4},"1":{"name":"(anonymous_1)","decl":{"start":{"line":9,"column":19},"end":{"line":9,"column":20}},"loc":{"start":{"line":9,"column":28},"end":{"line":20,"column":1}},"line":9},"2":{"name":"(anonymous_2)","decl":{"start":{"line":22,"column":29},"end":{"line":22,"column":30}},"loc":{"start":{"line":22,"column":54},"end":{"line":32,"column":1}},"line":22},"3":{"name":"(anonymous_3)","decl":{"start":{"line":26,"column":22},"end":{"line":26,"column":23}},"loc":{"start":{"line":26,"column":33},"end":{"line":26,"column":57}},"line":26},"4":{"name":"(anonymous_4)","decl":{"start":{"line":34,"column":34},"end":{"line":34,"column":35}},"loc":{"start":{"line":34,"column":45},"end":{"line":63,"column":1}},"line":34},"5":{"name":"(anonymous_5)","decl":{"start":{"line":65,"column":24},"end":{"line":65,"column":25}},"loc":{"start":{"line":65,"column":30},"end":{"line":71,"column":1}},"line":65},"6":{"name":"(anonymous_6)","decl":{"start":{"line":70,"column":27},"end":{"line":70,"column":28}},"loc":{"start":{"line":70,"column":35},"end":{"line":70,"column":48}},"line":70},"7":{"name":"(anonymous_7)","decl":{"start":{"line":73,"column":27},"end":{"line":73,"column":28}},"loc":{"start":{"line":73,"column":38},"end":{"line":91,"column":1}},"line":73},"8":{"name":"(anonymous_8)","decl":{"start":{"line":93,"column":21},"end":{"line":93,"column":22}},"loc":{"start":{"line":93,"column":32},"end":{"line":99,"column":1}},"line":93},"9":{"name":"(anonymous_9)","decl":{"start":{"line":101,"column":27},"end":{"line":101,"column":28}},"loc":{"start":{"line":101,"column":38},"end":{"line":111,"column":1}},"line":101},"10":{"name":"(anonymous_10)","decl":{"start":{"line":113,"column":32},"end":{"line":113,"column":33}},"loc":{"start":{"line":113,"column":44},"end":{"line":116,"column":1}},"line":113},"11":{"name":"(anonymous_11)","decl":{"start":{"line":115,"column":22},"end":{"line":115,"column":23}},"loc":{"start":{"line":115,"column":30},"end":{"line":115,"column":54}},"line":115}},"branchMap":{"0":{"loc":{"start":{"line":4,"column":9},"end":{"line":4,"column":20}},"type":"binary-expr","locations":[{"start":{"line":4,"column":9},"end":{"line":4,"column":14}},{"start":{"line":4,"column":18},"end":{"line":4,"column":20}}],"line":4},"1":{"loc":{"start":{"line":10,"column":23},"end":{"line":10,"column":34}},"type":"binary-expr","locations":[{"start":{"line":10,"column":23},"end":{"line":10,"column":28}},{"start":{"line":10,"column":32},"end":{"line":10,"column":34}}],"line":10},"2":{"loc":{"start":{"line":22,"column":30},"end":{"line":22,"column":49}},"type":"default-arg","locations":[{"start":{"line":22,"column":47},"end":{"line":22,"column":49}}],"line":22},"3":{"loc":{"start":{"line":26,"column":4},"end":{"line":28,"column":5}},"type":"if","locations":[{"start":{"line":26,"column":4},"end":{"line":28,"column":5}},{"start":{},"end":{}}],"line":26},"4":{"loc":{"start":{"line":35,"column":2},"end":{"line":37,"column":3}},"type":"if","locations":[{"start":{"line":35,"column":2},"end":{"line":37,"column":3}},{"start":{},"end":{}}],"line":35},"5":{"loc":{"start":{"line":41,"column":2},"end":{"line":41,"column":45}},"type":"if","locations":[{"start":{"line":41,"column":2},"end":{"line":41,"column":45}},{"start":{},"end":{}}],"line":41},"6":{"loc":{"start":{"line":42,"column":2},"end":{"line":42,"column":45}},"type":"if","locations":[{"start":{"line":42,"column":2},"end":{"line":42,"column":45}},{"start":{},"end":{}}],"line":42},"7":{"loc":{"start":{"line":43,"column":2},"end":{"line":43,"column":43}},"type":"if","locations":[{"start":{"line":43,"column":2},"end":{"line":43,"column":43}},{"start":{},"end":{}}],"line":43},"8":{"loc":{"start":{"line":45,"column":2},"end":{"line":52,"column":3}},"type":"if","locations":[{"start":{"line":45,"column":2},"end":{"line":52,"column":3}},{"start":{},"end":{}}],"line":45},"9":{"loc":{"start":{"line":46,"column":4},"end":{"line":51,"column":5}},"type":"if","locations":[{"start":{"line":46,"column":4},"end":{"line":51,"column":5}},{"start":{"line":48,"column":11},"end":{"line":51,"column":5}}],"line":46},"10":{"loc":{"start":{"line":49,"column":6},"end":{"line":49,"column":61}},"type":"if","locations":[{"start":{"line":49,"column":6},"end":{"line":49,"column":61}},{"start":{},"end":{}}],"line":49},"11":{"loc":{"start":{"line":50,"column":6},"end":{"line":50,"column":61}},"type":"if","locations":[{"start":{"line":50,"column":6},"end":{"line":50,"column":61}},{"start":{},"end":{}}],"line":50},"12":{"loc":{"start":{"line":54,"column":2},"end":{"line":60,"column":3}},"type":"if","locations":[{"start":{"line":54,"column":2},"end":{"line":60,"column":3}},{"start":{},"end":{}}],"line":54},"13":{"loc":{"start":{"line":55,"column":4},"end":{"line":59,"column":5}},"type":"if","locations":[{"start":{"line":55,"column":4},"end":{"line":59,"column":5}},{"start":{"line":57,"column":11},"end":{"line":59,"column":5}}],"line":55},"14":{"loc":{"start":{"line":57,"column":11},"end":{"line":59,"column":5}},"type":"if","locations":[{"start":{"line":57,"column":11},"end":{"line":59,"column":5}},{"start":{},"end":{}}],"line":57},"15":{"loc":{"start":{"line":66,"column":2},"end":{"line":68,"column":3}},"type":"if","locations":[{"start":{"line":66,"column":2},"end":{"line":68,"column":3}},{"start":{},"end":{}}],"line":66},"16":{"loc":{"start":{"line":66,"column":6},"end":{"line":66,"column":49}},"type":"binary-expr","locations":[{"start":{"line":66,"column":6},"end":{"line":66,"column":20}},{"start":{"line":66,"column":24},"end":{"line":66,"column":49}}],"line":66},"17":{"loc":{"start":{"line":76,"column":2},"end":{"line":78,"column":3}},"type":"if","locations":[{"start":{"line":76,"column":2},"end":{"line":78,"column":3}},{"start":{},"end":{}}],"line":76},"18":{"loc":{"start":{"line":82,"column":4},"end":{"line":87,"column":19}},"type":"binary-expr","locations":[{"start":{"line":82,"column":4},"end":{"line":82,"column":17}},{"start":{"line":83,"column":4},"end":{"line":83,"column":30}},{"start":{"line":84,"column":4},"end":{"line":84,"column":16}},{"start":{"line":85,"column":4},"end":{"line":85,"column":17}},{"start":{"line":86,"column":4},"end":{"line":86,"column":19}},{"start":{"line":87,"column":4},"end":{"line":87,"column":19}}],"line":82},"19":{"loc":{"start":{"line":94,"column":2},"end":{"line":94,"column":31}},"type":"if","locations":[{"start":{"line":94,"column":2},"end":{"line":94,"column":31}},{"start":{},"end":{}}],"line":94},"20":{"loc":{"start":{"line":95,"column":2},"end":{"line":97,"column":3}},"type":"if","locations":[{"start":{"line":95,"column":2},"end":{"line":97,"column":3}},{"start":{},"end":{}}],"line":95},"21":{"loc":{"start":{"line":102,"column":2},"end":{"line":102,"column":31}},"type":"if","locations":[{"start":{"line":102,"column":2},"end":{"line":102,"column":31}},{"start":{},"end":{}}],"line":102},"22":{"loc":{"start":{"line":106,"column":2},"end":{"line":108,"column":3}},"type":"if","locations":[{"start":{"line":106,"column":2},"end":{"line":108,"column":3}},{"start":{},"end":{}}],"line":106},"23":{"loc":{"start":{"line":114,"column":2},"end":{"line":114,"column":42}},"type":"if","locations":[{"start":{"line":114,"column":2},"end":{"line":114,"column":42}},{"start":{},"end":{}}],"line":114}},"s":{"0":1,"1":1,"2":1,"3":1,"4":0,"5":0,"6":0,"7":0,"8":0,"9":0,"10":0,"11":0,"12":1,"13":1,"14":1,"15":4,"16":16,"17":1,"18":0,"19":1,"20":1,"21":0,"22":1,"23":1,"24":1,"25":1,"26":1,"27":1,"28":0,"29":1,"30":0,"31":0,"32":0,"33":0,"34":0,"35":0,"36":1,"37":0,"38":0,"39":0,"40":0,"41":1,"42":1,"43":0,"44":0,"45":0,"46":0,"47":1,"48":1,"49":1,"50":1,"51":1,"52":0,"53":0,"54":0,"55":0,"56":1,"57":1,"58":0,"59":1,"60":0,"61":1,"62":1,"63":1,"64":0,"65":1,"66":1,"67":1,"68":1,"69":1,"70":1,"71":0,"72":1,"73":1,"74":1},"f":{"0":1,"1":0,"2":1,"3":16,"4":1,"5":0,"6":0,"7":1,"8":1,"9":1,"10":1,"11":1},"b":{"0":[1,0],"1":[0,0],"2":[0],"3":[1,3],"4":[0,1],"5":[1,0],"6":[1,0],"7":[0,1],"8":[0,1],"9":[0,0],"10":[0,0],"11":[0,0],"12":[0,1],"13":[0,0],"14":[0,0],"15":[0,0],"16":[0,0],"17":[1,0],"18":[0,0,0,0,0,0],"19":[0,1],"20":[0,1],"21":[0,1],"22":[1,0],"23":[0,1]},"_coverageSchema":"1a1c01bbd47fc00a2c39e90264f33305004495a9","hash":"3b73d6f43ce5206fff235a492fc461c40b34ffaa"}
,"C:\\Users\\NHU\\webST\\MERNStore\\server\\utils\\queries.js": {"path":"C:\\Users\\NHU\\webST\\MERNStore\\server\\utils\\queries.js","statementMap":{"0":{"start":{"line":1,"column":17},"end":{"line":1,"column":36}},"1":{"start":{"line":3,"column":22},"end":{"line":3,"column":80}},"2":{"start":{"line":3,"column":31},"end":{"line":3,"column":80}},"3":{"start":{"line":5,"column":0},"end":{"line":97,"column":2}},"4":{"start":{"line":6,"column":24},"end":{"line":6,"column":38}},"5":{"start":{"line":7,"column":21},"end":{"line":7,"column":32}},"6":{"start":{"line":8,"column":21},"end":{"line":8,"column":32}},"7":{"start":{"line":10,"column":17},"end":{"line":10,"column":61}},"8":{"start":{"line":11,"column":17},"end":{"line":11,"column":60}},"9":{"start":{"line":12,"column":20},"end":{"line":12,"column":69}},"10":{"start":{"line":14,"column":21},"end":{"line":16,"column":3}},"11":{"start":{"line":18,"column":2},"end":{"line":26,"column":3}},"12":{"start":{"line":19,"column":4},"end":{"line":19,"column":26}},"13":{"start":{"line":20,"column":4},"end":{"line":22,"column":5}},"14":{"start":{"line":21,"column":6},"end":{"line":21,"column":41}},"15":{"start":{"line":23,"column":4},"end":{"line":25,"column":5}},"16":{"start":{"line":24,"column":6},"end":{"line":24,"column":41}},"17":{"start":{"line":28,"column":2},"end":{"line":30,"column":3}},"18":{"start":{"line":29,"column":4},"end":{"line":29,"column":55}},"19":{"start":{"line":32,"column":21},"end":{"line":94,"column":3}},"20":{"start":{"line":96,"column":2},"end":{"line":96,"column":20}},"21":{"start":{"line":99,"column":0},"end":{"line":126,"column":2}},"22":{"start":{"line":100,"column":24},"end":{"line":123,"column":3}},"23":{"start":{"line":125,"column":2},"end":{"line":125,"column":23}}},"fnMap":{"0":{"name":"(anonymous_0)","decl":{"start":{"line":3,"column":22},"end":{"line":3,"column":23}},"loc":{"start":{"line":3,"column":31},"end":{"line":3,"column":80}},"line":3},"1":{"name":"(anonymous_1)","decl":{"start":{"line":5,"column":32},"end":{"line":5,"column":33}},"loc":{"start":{"line":5,"column":54},"end":{"line":97,"column":1}},"line":5},"2":{"name":"(anonymous_2)","decl":{"start":{"line":99,"column":40},"end":{"line":99,"column":41}},"loc":{"start":{"line":99,"column":50},"end":{"line":126,"column":1}},"line":99}},"branchMap":{"0":{"loc":{"start":{"line":3,"column":31},"end":{"line":3,"column":80}},"type":"binary-expr","locations":[{"start":{"line":3,"column":31},"end":{"line":3,"column":56}},{"start":{"line":3,"column":60},"end":{"line":3,"column":80}}],"line":3},"1":{"loc":{"start":{"line":10,"column":17},"end":{"line":10,"column":61}},"type":"binary-expr","locations":[{"start":{"line":10,"column":17},"end":{"line":10,"column":42}},{"start":{"line":10,"column":46},"end":{"line":10,"column":61}}],"line":10},"2":{"loc":{"start":{"line":11,"column":17},"end":{"line":11,"column":60}},"type":"binary-expr","locations":[{"start":{"line":11,"column":17},"end":{"line":11,"column":42}},{"start":{"line":11,"column":46},"end":{"line":11,"column":60}}],"line":11},"3":{"loc":{"start":{"line":12,"column":20},"end":{"line":12,"column":69}},"type":"binary-expr","locations":[{"start":{"line":12,"column":20},"end":{"line":12,"column":48}},{"start":{"line":12,"column":52},"end":{"line":12,"column":69}}],"line":12},"4":{"loc":{"start":{"line":18,"column":2},"end":{"line":26,"column":3}},"type":"if","locations":[{"start":{"line":18,"column":2},"end":{"line":26,"column":3}},{"start":{},"end":{}}],"line":18},"5":{"loc":{"start":{"line":18,"column":6},"end":{"line":18,"column":22}},"type":"binary-expr","locations":[{"start":{"line":18,"column":6},"end":{"line":18,"column":12}},{"start":{"line":18,"column":16},"end":{"line":18,"column":22}}],"line":18},"6":{"loc":{"start":{"line":20,"column":4},"end":{"line":22,"column":5}},"type":"if","locations":[{"start":{"line":20,"column":4},"end":{"line":22,"column":5}},{"start":{},"end":{}}],"line":20},"7":{"loc":{"start":{"line":23,"column":4},"end":{"line":25,"column":5}},"type":"if","locations":[{"start":{"line":23,"column":4},"end":{"line":25,"column":5}},{"start":{},"end":{}}],"line":23},"8":{"loc":{"start":{"line":28,"column":2},"end":{"line":30,"column":3}},"type":"if","locations":[{"start":{"line":28,"column":2},"end":{"line":30,"column":3}},{"start":{},"end":{}}],"line":28}},"s":{"0":2,"1":2,"2":12,"3":2,"4":4,"5":4,"6":4,"7":4,"8":4,"9":4,"10":4,"11":4,"12":3,"13":3,"14":3,"15":3,"16":3,"17":4,"18":2,"19":4,"20":4,"21":2,"22":3,"23":2},"f":{"0":12,"1":4,"2":3},"b":{"0":[12,12],"1":[4,3],"2":[4,3],"3":[4,3],"4":[3,1],"5":[4,1],"6":[3,0],"7":[3,0],"8":[2,2]},"_coverageSchema":"1a1c01bbd47fc00a2c39e90264f33305004495a9","hash":"3023cc82ec1c5fb1fa3c16043e6cb96600ebac57"}
,"C:\\Users\\NHU\\webST\\MERNStore\\server\\utils\\storage.js": {"path":"C:\\Users\\NHU\\webST\\MERNStore\\server\\utils\\storage.js","statementMap":{"0":{"start":{"line":1,"column":12},"end":{"line":1,"column":30}},"1":{"start":{"line":3,"column":13},"end":{"line":3,"column":38}},"2":{"start":{"line":5,"column":0},"end":{"line":38,"column":2}},"3":{"start":{"line":6,"column":2},"end":{"line":37,"column":3}},"4":{"start":{"line":7,"column":19},"end":{"line":7,"column":21}},"5":{"start":{"line":8,"column":19},"end":{"line":8,"column":21}},"6":{"start":{"line":10,"column":4},"end":{"line":12,"column":5}},"7":{"start":{"line":11,"column":6},"end":{"line":11,"column":39}},"8":{"start":{"line":14,"column":4},"end":{"line":32,"column":5}},"9":{"start":{"line":15,"column":23},"end":{"line":19,"column":8}},"10":{"start":{"line":21,"column":21},"end":{"line":26,"column":7}},"11":{"start":{"line":28,"column":23},"end":{"line":28,"column":62}},"12":{"start":{"line":30,"column":6},"end":{"line":30,"column":35}},"13":{"start":{"line":31,"column":6},"end":{"line":31,"column":30}},"14":{"start":{"line":34,"column":4},"end":{"line":34,"column":34}},"15":{"start":{"line":36,"column":4},"end":{"line":36,"column":42}}},"fnMap":{"0":{"name":"(anonymous_0)","decl":{"start":{"line":5,"column":19},"end":{"line":5,"column":20}},"loc":{"start":{"line":5,"column":34},"end":{"line":38,"column":1}},"line":5}},"branchMap":{"0":{"loc":{"start":{"line":10,"column":4},"end":{"line":12,"column":5}},"type":"if","locations":[{"start":{"line":10,"column":4},"end":{"line":12,"column":5}},{"start":{},"end":{}}],"line":10},"1":{"loc":{"start":{"line":14,"column":4},"end":{"line":32,"column":5}},"type":"if","locations":[{"start":{"line":14,"column":4},"end":{"line":32,"column":5}},{"start":{},"end":{}}],"line":14}},"s":{"0":2,"1":2,"2":2,"3":0,"4":0,"5":0,"6":0,"7":0,"8":0,"9":0,"10":0,"11":0,"12":0,"13":0,"14":0,"15":0},"f":{"0":0},"b":{"0":[0,0],"1":[0,0]},"_coverageSchema":"1a1c01bbd47fc00a2c39e90264f33305004495a9","hash":"8e83415af66c5d6de156d5092b4b92e2933854dd"}
,"C:\\Users\\NHU\\webST\\MERNStore\\server\\utils\\store.js": {"path":"C:\\Users\\NHU\\webST\\MERNStore\\server\\utils\\store.js","statementMap":{"0":{"start":{"line":1,"column":16},"end":{"line":1,"column":44}},"1":{"start":{"line":2,"column":18},"end":{"line":2,"column":42}},"2":{"start":{"line":4,"column":0},"end":{"line":15,"column":2}},"3":{"start":{"line":5,"column":20},"end":{"line":12,"column":4}},"4":{"start":{"line":6,"column":4},"end":{"line":11,"column":6}},"5":{"start":{"line":14,"column":2},"end":{"line":14,"column":33}},"6":{"start":{"line":18,"column":0},"end":{"line":73,"column":2}},"7":{"start":{"line":19,"column":2},"end":{"line":72,"column":3}},"8":{"start":{"line":20,"column":20},"end":{"line":20,"column":42}},"9":{"start":{"line":22,"column":4},"end":{"line":22,"column":23}},"10":{"start":{"line":23,"column":4},"end":{"line":47,"column":5}},"11":{"start":{"line":24,"column":6},"end":{"line":46,"column":9}},"12":{"start":{"line":25,"column":22},"end":{"line":25,"column":71}},"13":{"start":{"line":26,"column":25},"end":{"line":26,"column":38}},"14":{"start":{"line":27,"column":8},"end":{"line":27,"column":43}},"15":{"start":{"line":28,"column":8},"end":{"line":28,"column":35}},"16":{"start":{"line":30,"column":8},"end":{"line":41,"column":9}},"17":{"start":{"line":31,"column":10},"end":{"line":40,"column":11}},"18":{"start":{"line":32,"column":30},"end":{"line":32,"column":59}},"19":{"start":{"line":33,"column":12},"end":{"line":35,"column":14}},"20":{"start":{"line":37,"column":12},"end":{"line":37,"column":44}},"21":{"start":{"line":39,"column":12},"end":{"line":39,"column":44}},"22":{"start":{"line":43,"column":8},"end":{"line":45,"column":10}},"23":{"start":{"line":49,"column":30},"end":{"line":51,"column":5}},"24":{"start":{"line":50,"column":14},"end":{"line":50,"column":41}},"25":{"start":{"line":53,"column":4},"end":{"line":55,"column":5}},"26":{"start":{"line":54,"column":6},"end":{"line":54,"column":51}},"27":{"start":{"line":57,"column":25},"end":{"line":57,"column":55}},"28":{"start":{"line":59,"column":4},"end":{"line":61,"column":5}},"29":{"start":{"line":60,"column":6},"end":{"line":60,"column":51}},"30":{"start":{"line":63,"column":4},"end":{"line":63,"column":54}},"31":{"start":{"line":64,"column":4},"end":{"line":64,"column":61}},"32":{"start":{"line":65,"column":4},"end":{"line":67,"column":6}},"33":{"start":{"line":68,"column":4},"end":{"line":68,"column":75}},"34":{"start":{"line":69,"column":4},"end":{"line":69,"column":17}},"35":{"start":{"line":71,"column":4},"end":{"line":71,"column":17}},"36":{"start":{"line":75,"column":0},"end":{"line":81,"column":2}},"37":{"start":{"line":76,"column":16},"end":{"line":78,"column":58}},"38":{"start":{"line":77,"column":20},"end":{"line":77,"column":47}},"39":{"start":{"line":78,"column":30},"end":{"line":78,"column":54}},"40":{"start":{"line":80,"column":2},"end":{"line":80,"column":15}},"41":{"start":{"line":84,"column":0},"end":{"line":110,"column":2}},"42":{"start":{"line":85,"column":18},"end":{"line":85,"column":40}},"43":{"start":{"line":87,"column":19},"end":{"line":107,"column":4}},"44":{"start":{"line":88,"column":4},"end":{"line":88,"column":26}},"45":{"start":{"line":89,"column":4},"end":{"line":89,"column":24}},"46":{"start":{"line":90,"column":4},"end":{"line":90,"column":22}},"47":{"start":{"line":91,"column":4},"end":{"line":91,"column":36}},"48":{"start":{"line":93,"column":18},"end":{"line":93,"column":36}},"49":{"start":{"line":94,"column":21},"end":{"line":94,"column":34}},"50":{"start":{"line":95,"column":4},"end":{"line":95,"column":72}},"51":{"start":{"line":97,"column":4},"end":{"line":104,"column":5}},"52":{"start":{"line":98,"column":24},"end":{"line":98,"column":53}},"53":{"start":{"line":100,"column":6},"end":{"line":100,"column":76}},"54":{"start":{"line":101,"column":6},"end":{"line":103,"column":8}},"55":{"start":{"line":106,"column":4},"end":{"line":106,"column":16}},"56":{"start":{"line":109,"column":2},"end":{"line":109,"column":18}},"57":{"start":{"line":112,"column":0},"end":{"line":128,"column":2}},"58":{"start":{"line":113,"column":20},"end":{"line":123,"column":4}},"59":{"start":{"line":114,"column":4},"end":{"line":122,"column":6}},"60":{"start":{"line":125,"column":2},"end":{"line":127,"column":5}},"61":{"start":{"line":126,"column":4},"end":{"line":126,"column":67}}},"fnMap":{"0":{"name":"(anonymous_0)","decl":{"start":{"line":4,"column":26},"end":{"line":4,"column":27}},"loc":{"start":{"line":4,"column":38},"end":{"line":15,"column":1}},"line":4},"1":{"name":"(anonymous_1)","decl":{"start":{"line":5,"column":33},"end":{"line":5,"column":34}},"loc":{"start":{"line":5,"column":41},"end":{"line":12,"column":3}},"line":5},"2":{"name":"(anonymous_2)","decl":{"start":{"line":18,"column":28},"end":{"line":18,"column":29}},"loc":{"start":{"line":18,"column":37},"end":{"line":73,"column":1}},"line":18},"3":{"name":"(anonymous_3)","decl":{"start":{"line":24,"column":25},"end":{"line":24,"column":26}},"loc":{"start":{"line":24,"column":33},"end":{"line":46,"column":7}},"line":24},"4":{"name":"(anonymous_4)","decl":{"start":{"line":50,"column":6},"end":{"line":50,"column":7}},"loc":{"start":{"line":50,"column":14},"end":{"line":50,"column":41}},"line":50},"5":{"name":"(anonymous_5)","decl":{"start":{"line":75,"column":29},"end":{"line":75,"column":30}},"loc":{"start":{"line":75,"column":38},"end":{"line":81,"column":1}},"line":75},"6":{"name":"(anonymous_6)","decl":{"start":{"line":77,"column":12},"end":{"line":77,"column":13}},"loc":{"start":{"line":77,"column":20},"end":{"line":77,"column":47}},"line":77},"7":{"name":"(anonymous_7)","decl":{"start":{"line":78,"column":12},"end":{"line":78,"column":13}},"loc":{"start":{"line":78,"column":30},"end":{"line":78,"column":54}},"line":78},"8":{"name":"(anonymous_8)","decl":{"start":{"line":84,"column":32},"end":{"line":84,"column":33}},"loc":{"start":{"line":84,"column":41},"end":{"line":110,"column":1}},"line":84},"9":{"name":"(anonymous_9)","decl":{"start":{"line":87,"column":29},"end":{"line":87,"column":30}},"loc":{"start":{"line":87,"column":37},"end":{"line":107,"column":3}},"line":87},"10":{"name":"(anonymous_10)","decl":{"start":{"line":112,"column":23},"end":{"line":112,"column":24}},"loc":{"start":{"line":112,"column":33},"end":{"line":128,"column":1}},"line":112},"11":{"name":"(anonymous_11)","decl":{"start":{"line":113,"column":31},"end":{"line":113,"column":32}},"loc":{"start":{"line":113,"column":40},"end":{"line":123,"column":3}},"line":113},"12":{"name":"(anonymous_12)","decl":{"start":{"line":125,"column":23},"end":{"line":125,"column":24}},"loc":{"start":{"line":125,"column":32},"end":{"line":127,"column":3}},"line":125}},"branchMap":{"0":{"loc":{"start":{"line":23,"column":4},"end":{"line":47,"column":5}},"type":"if","locations":[{"start":{"line":23,"column":4},"end":{"line":47,"column":5}},{"start":{},"end":{}}],"line":23},"1":{"loc":{"start":{"line":23,"column":8},"end":{"line":23,"column":51}},"type":"binary-expr","locations":[{"start":{"line":23,"column":8},"end":{"line":23,"column":22}},{"start":{"line":23,"column":26},"end":{"line":23,"column":51}}],"line":23},"2":{"loc":{"start":{"line":25,"column":22},"end":{"line":25,"column":71}},"type":"binary-expr","locations":[{"start":{"line":25,"column":22},"end":{"line":25,"column":40}},{"start":{"line":25,"column":45},"end":{"line":25,"column":65}},{"start":{"line":25,"column":69},"end":{"line":25,"column":70}}],"line":25},"3":{"loc":{"start":{"line":30,"column":8},"end":{"line":41,"column":9}},"type":"if","locations":[{"start":{"line":30,"column":8},"end":{"line":41,"column":9}},{"start":{},"end":{}}],"line":30},"4":{"loc":{"start":{"line":31,"column":10},"end":{"line":40,"column":11}},"type":"if","locations":[{"start":{"line":31,"column":10},"end":{"line":40,"column":11}},{"start":{"line":38,"column":17},"end":{"line":40,"column":11}}],"line":31},"5":{"loc":{"start":{"line":31,"column":14},"end":{"line":31,"column":62}},"type":"binary-expr","locations":[{"start":{"line":31,"column":14},"end":{"line":31,"column":35}},{"start":{"line":31,"column":39},"end":{"line":31,"column":62}}],"line":31},"6":{"loc":{"start":{"line":53,"column":4},"end":{"line":55,"column":5}},"type":"if","locations":[{"start":{"line":53,"column":4},"end":{"line":55,"column":5}},{"start":{},"end":{}}],"line":53},"7":{"loc":{"start":{"line":59,"column":4},"end":{"line":61,"column":5}},"type":"if","locations":[{"start":{"line":59,"column":4},"end":{"line":61,"column":5}},{"start":{},"end":{}}],"line":59},"8":{"loc":{"start":{"line":66,"column":13},"end":{"line":66,"column":56}},"type":"binary-expr","locations":[{"start":{"line":66,"column":13},"end":{"line":66,"column":27}},{"start":{"line":66,"column":31},"end":{"line":66,"column":56}}],"line":66},"9":{"loc":{"start":{"line":97,"column":4},"end":{"line":104,"column":5}},"type":"if","locations":[{"start":{"line":97,"column":4},"end":{"line":104,"column":5}},{"start":{},"end":{}}],"line":97},"10":{"loc":{"start":{"line":126,"column":11},"end":{"line":126,"column":66}},"type":"cond-expr","locations":[{"start":{"line":126,"column":29},"end":{"line":126,"column":58}},{"start":{"line":126,"column":61},"end":{"line":126,"column":66}}],"line":126}},"s":{"0":4,"1":4,"2":4,"3":0,"4":0,"5":0,"6":4,"7":6,"8":6,"9":6,"10":6,"11":5,"12":7,"13":7,"14":7,"15":7,"16":7,"17":5,"18":2,"19":2,"20":2,"21":3,"22":7,"23":6,"24":7,"25":6,"26":2,"27":6,"28":6,"29":2,"30":6,"31":6,"32":6,"33":6,"34":6,"35":0,"36":4,"37":11,"38":15,"39":10,"40":11,"41":4,"42":102,"43":102,"44":107,"45":107,"46":107,"47":107,"48":107,"49":107,"50":107,"51":107,"52":45,"53":45,"54":45,"55":107,"56":102,"57":4,"58":2,"59":3,"60":2,"61":3},"f":{"0":0,"1":0,"2":6,"3":7,"4":7,"5":11,"6":15,"7":10,"8":102,"9":107,"10":2,"11":3,"12":3},"b":{"0":[5,1],"1":[6,6],"2":[7,7,2],"3":[5,2],"4":[2,3],"5":[5,2],"6":[2,4],"7":[2,4],"8":[6,2],"9":[45,62],"10":[2,1]},"_coverageSchema":"1a1c01bbd47fc00a2c39e90264f33305004495a9","hash":"011c6310c99618c48fdb2fbd1b870e7ea1d78018"}
}
