TN:
SF:middleware\auth.js
FNF:0
FNH:0
DA:1,1
DA:3,1
DA:5,1
LF:3
LH:3
BRF:0
BRH:0
end_of_record
TN:
SF:middleware\role.js
FN:2,(anonymous_0)
FN:3,(anonymous_1)
FN:8,(anonymous_2)
FNF:3
FNH:3
FNDA:18,(anonymous_0)
FNDA:8,(anonymous_1)
FNDA:6,(anonymous_2)
DA:2,5
DA:3,18
DA:4,8
DA:5,2
DA:8,6
DA:9,6
DA:10,3
DA:13,3
DA:16,5
DA:17,5
LF:10
LH:10
BRDA:4,0,0,2
BRDA:4,0,1,6
BRDA:9,1,0,3
BRDA:9,1,1,3
BRF:4
BRH:4
end_of_record
TN:
SF:routes\api\cart.js
FN:11,(anonymous_0)
FN:43,(anonymous_1)
FN:62,(anonymous_2)
FN:84,(anonymous_3)
FN:106,(anonymous_4)
FN:107,(anonymous_5)
FNF:6
FNH:6
FNDA:3,(anonymous_0)
FNDA:1,(anonymous_1)
FNDA:1,(anonymous_2)
FNDA:1,(anonymous_3)
FNDA:1,(anonymous_4)
FNDA:1,(anonymous_5)
DA:1,1
DA:2,1
DA:5,1
DA:6,1
DA:7,1
DA:8,1
DA:9,1
DA:11,1
DA:12,3
DA:13,3
DA:14,3
DA:15,2
DA:18,1
DA:19,1
DA:21,1
DA:23,1
DA:28,1
DA:30,1
DA:32,1
DA:37,0
DA:43,1
DA:44,1
DA:45,1
DA:46,1
DA:47,0
DA:50,1
DA:52,1
DA:56,0
DA:62,1
DA:63,1
DA:64,1
DA:65,1
DA:66,0
DA:69,1
DA:70,1
DA:72,1
DA:74,1
DA:78,0
DA:84,1
DA:85,1
DA:86,1
DA:87,1
DA:88,0
DA:91,1
DA:92,1
DA:94,1
DA:96,1
DA:100,0
DA:106,1
DA:107,1
DA:108,1
DA:116,1
DA:119,1
LF:53
LH:46
BRDA:14,0,0,2
BRDA:14,0,1,1
BRDA:46,1,0,0
BRDA:46,1,1,1
BRDA:65,2,0,0
BRDA:65,2,1,1
BRDA:87,3,0,0
BRDA:87,3,1,1
BRF:8
BRH:5
end_of_record
TN:
SF:routes\api\order.js
FN:15,(anonymous_0)
FN:92,(anonymous_1)
FN:167,(anonymous_2)
FN:207,(anonymous_3)
FN:210,(anonymous_4)
FN:221,(anonymous_5)
FN:222,(anonymous_6)
FN:239,(anonymous_7)
FN:274,(anonymous_8)
FN:312,(anonymous_9)
FN:370,(anonymous_10)
FN:393,(anonymous_11)
FN:422,(anonymous_12)
FN:437,(anonymous_13)
FN:450,(anonymous_14)
FN:471,(anonymous_15)
FN:479,(anonymous_16)
FN:496,(anonymous_17)
FN:530,(anonymous_18)
FN:531,(anonymous_19)
FNF:20
FNH:15
FNDA:4,(anonymous_0)
FNDA:5,(anonymous_1)
FNDA:2,(anonymous_2)
FNDA:1,(anonymous_3)
FNDA:1,(anonymous_4)
FNDA:1,(anonymous_5)
FNDA:0,(anonymous_6)
FNDA:0,(anonymous_7)
FNDA:1,(anonymous_8)
FNDA:1,(anonymous_9)
FNDA:0,(anonymous_10)
FNDA:1,(anonymous_11)
FNDA:2,(anonymous_12)
FNDA:1,(anonymous_13)
FNDA:2,(anonymous_14)
FNDA:1,(anonymous_15)
FNDA:1,(anonymous_16)
FNDA:1,(anonymous_17)
FNDA:0,(anonymous_18)
FNDA:0,(anonymous_19)
DA:1,2
DA:2,2
DA:3,2
DA:6,2
DA:7,2
DA:8,2
DA:9,2
DA:10,2
DA:11,2
DA:12,2
DA:13,2
DA:15,2
DA:16,4
DA:17,4
DA:18,1
DA:23,3
DA:24,3
DA:25,3
DA:26,3
DA:27,3
DA:28,3
DA:29,3
DA:30,3
DA:32,3
DA:33,1
DA:38,2
DA:42,2
DA:55,2
DA:56,0
DA:61,0
DA:62,0
DA:67,0
DA:85,2
DA:86,0
DA:91,2
DA:92,2
DA:93,5
DA:94,5
DA:97,2
DA:98,1
DA:104,1
DA:115,1
DA:117,1
DA:124,1
DA:125,0
DA:130,1
DA:147,1
DA:154,1
DA:160,0
DA:167,2
DA:168,2
DA:169,2
DA:171,2
DA:172,1
DA:177,1
DA:179,1
DA:180,1
DA:192,0
DA:193,0
DA:207,1
DA:209,1
DA:210,1
DA:211,1
DA:221,1
DA:222,1
DA:223,1
DA:227,0
DA:232,0
DA:239,2
DA:240,0
DA:241,0
DA:242,0
DA:257,0
DA:258,0
DA:260,0
DA:267,0
DA:274,2
DA:275,1
DA:276,1
DA:277,1
DA:278,1
DA:280,1
DA:295,1
DA:296,1
DA:298,1
DA:305,0
DA:312,2
DA:313,1
DA:314,1
DA:316,1
DA:318,1
DA:319,0
DA:329,1
DA:330,1
DA:341,1
DA:342,0
DA:347,1
DA:358,1
DA:360,1
DA:364,0
DA:370,2
DA:371,0
DA:372,0
DA:374,0
DA:375,0
DA:377,0
DA:379,0
DA:380,0
DA:382,0
DA:386,0
DA:393,2
DA:394,1
DA:395,1
DA:396,0
DA:401,1
DA:402,1
DA:404,1
DA:406,1
DA:407,0
DA:412,1
DA:413,1
DA:415,1
DA:416,0
DA:421,1
DA:423,2
DA:430,1
DA:431,0
DA:437,1
DA:438,1
DA:443,1
DA:444,0
DA:450,1
DA:451,2
DA:452,1
DA:454,2
DA:457,1
DA:458,1
DA:460,1
DA:465,0
DA:471,2
DA:472,1
DA:473,1
DA:474,1
DA:475,1
DA:476,1
DA:478,1
DA:479,1
DA:481,1
DA:488,1
DA:489,1
DA:494,1
DA:495,1
DA:496,1
DA:500,1
DA:501,1
DA:502,1
DA:504,1
DA:513,0
DA:519,0
DA:524,0
DA:530,2
DA:531,0
DA:532,0
DA:540,0
DA:543,2
LF:165
LH:122
BRDA:17,0,0,1
BRDA:17,0,1,3
BRDA:28,1,0,3
BRDA:28,1,1,0
BRDA:29,2,0,3
BRDA:29,2,1,3
BRDA:32,3,0,1
BRDA:32,3,1,2
BRDA:38,4,0,2
BRDA:38,4,1,2
BRDA:39,5,0,2
BRDA:39,5,1,2
BRDA:43,6,0,2
BRDA:43,6,1,2
BRDA:43,6,2,2
BRDA:44,7,0,2
BRDA:44,7,1,0
BRDA:50,8,0,2
BRDA:50,8,1,2
BRDA:55,9,0,0
BRDA:55,9,1,2
BRDA:55,10,0,2
BRDA:55,10,1,2
BRDA:61,11,0,0
BRDA:61,11,1,0
BRDA:69,12,0,0
BRDA:69,12,1,0
BRDA:69,12,2,0
BRDA:71,13,0,0
BRDA:71,13,1,0
BRDA:71,13,2,0
BRDA:85,14,0,0
BRDA:85,14,1,2
BRDA:94,15,0,5
BRDA:94,15,1,4
BRDA:97,16,0,1
BRDA:97,16,1,1
BRDA:124,17,0,0
BRDA:124,17,1,1
BRDA:150,18,0,1
BRDA:150,18,1,1
BRDA:171,19,0,1
BRDA:171,19,1,1
BRDA:179,20,0,1
BRDA:179,20,1,0
BRDA:209,21,0,1
BRDA:209,21,1,0
BRDA:241,22,0,0
BRDA:241,23,0,0
BRDA:276,24,0,0
BRDA:276,25,0,0
BRDA:318,26,0,0
BRDA:318,26,1,1
BRDA:341,27,0,0
BRDA:341,27,1,1
BRDA:341,28,0,1
BRDA:341,28,1,1
BRDA:395,29,0,0
BRDA:395,29,1,1
BRDA:406,30,0,0
BRDA:406,30,1,1
BRDA:412,31,0,1
BRDA:412,31,1,0
BRDA:415,32,0,0
BRDA:415,32,1,1
BRDA:430,33,0,0
BRDA:430,33,1,1
BRDA:443,34,0,0
BRDA:443,34,1,1
BRDA:451,35,0,1
BRDA:451,35,1,1
BRDA:476,36,0,1
BRDA:476,36,1,0
BRDA:488,37,0,1
BRDA:488,37,1,0
BRDA:500,38,0,1
BRDA:500,38,1,0
BRDA:508,39,0,1
BRDA:508,39,1,0
BRF:79
BRH:48
end_of_record
TN:
SF:routes\api\product.js
FN:26,(anonymous_0)
FN:59,(anonymous_1)
FN:87,(anonymous_2)
FN:192,(anonymous_3)
FN:232,(anonymous_4)
FN:266,(anonymous_5)
FN:286,(anonymous_6)
FN:363,(anonymous_7)
FN:411,(anonymous_8)
FN:460,(anonymous_9)
FN:505,(anonymous_10)
FN:531,(anonymous_11)
FNF:12
FNH:6
FNDA:2,(anonymous_0)
FNDA:3,(anonymous_1)
FNDA:1,(anonymous_2)
FNDA:1,(anonymous_3)
FNDA:1,(anonymous_4)
FNDA:1,(anonymous_5)
FNDA:0,(anonymous_6)
FNDA:0,(anonymous_7)
FNDA:0,(anonymous_8)
FNDA:0,(anonymous_9)
FNDA:0,(anonymous_10)
FNDA:0,(anonymous_11)
DA:1,2
DA:2,2
DA:3,2
DA:5,2
DA:6,2
DA:7,2
DA:8,2
DA:9,2
DA:10,2
DA:11,2
DA:15,2
DA:19,2
DA:20,2
DA:22,2
DA:23,2
DA:26,2
DA:27,2
DA:28,2
DA:30,2
DA:38,2
DA:40,2
DA:41,1
DA:46,1
DA:48,1
DA:52,0
DA:59,2
DA:60,3
DA:61,3
DA:63,3
DA:68,2
DA:69,1
DA:74,1
DA:76,1
DA:80,1
DA:87,2
DA:88,1
DA:98,1
DA:102,1
DA:103,1
DA:104,1
DA:105,0
DA:106,1
DA:107,0
DA:110,1
DA:115,0
DA:118,0
DA:121,1
DA:122,1
DA:124,1
DA:125,1
DA:130,1
DA:131,1
DA:141,1
DA:146,1
DA:147,1
DA:154,1
DA:155,1
DA:156,1
DA:157,1
DA:158,1
DA:161,1
DA:167,1
DA:168,1
DA:171,1
DA:173,0
DA:176,1
DA:178,1
DA:185,0
DA:186,0
DA:192,2
DA:193,1
DA:194,1
DA:195,1
DA:196,1
DA:197,1
DA:205,1
DA:207,1
DA:209,1
DA:210,0
DA:211,0
DA:215,1
DA:220,1
DA:222,1
DA:226,0
DA:232,2
DA:233,1
DA:234,1
DA:235,1
DA:236,1
DA:237,1
DA:238,1
DA:243,1
DA:245,1
DA:246,0
DA:247,0
DA:251,1
DA:254,1
DA:256,1
DA:260,0
DA:266,2
DA:267,1
DA:268,1
DA:270,1
DA:274,0
DA:281,2
DA:287,0
DA:288,0
DA:289,0
DA:290,0
DA:291,0
DA:292,0
DA:293,0
DA:294,0
DA:295,0
DA:296,0
DA:297,0
DA:299,0
DA:300,0
DA:303,0
DA:304,0
DA:309,0
DA:310,0
DA:313,0
DA:314,0
DA:317,0
DA:319,0
DA:320,0
DA:323,0
DA:325,0
DA:343,0
DA:345,0
DA:351,0
DA:359,2
DA:364,0
DA:365,0
DA:367,0
DA:368,0
DA:372,0
DA:374,0
DA:384,0
DA:393,0
DA:395,0
DA:399,0
DA:407,2
DA:412,0
DA:413,0
DA:415,0
DA:417,0
DA:418,0
DA:422,0
DA:424,0
DA:431,0
DA:437,0
DA:438,0
DA:443,0
DA:445,0
DA:449,0
DA:456,2
DA:461,0
DA:462,0
DA:463,0
DA:464,0
DA:465,0
DA:467,0
DA:471,0
DA:472,0
DA:477,0
DA:478,0
DA:485,0
DA:489,0
DA:494,0
DA:501,2
DA:506,0
DA:507,0
DA:508,0
DA:509,0
DA:511,0
DA:515,0
DA:520,0
DA:527,2
DA:532,0
DA:533,0
DA:535,0
DA:541,0
DA:548,2
LF:185
LH:96
BRDA:38,0,0,2
BRDA:38,0,1,2
BRDA:40,1,0,1
BRDA:40,1,1,1
BRDA:40,2,0,2
BRDA:40,2,1,2
BRDA:68,3,0,1
BRDA:68,3,1,1
BRDA:68,4,0,2
BRDA:68,4,1,2
BRDA:96,5,0,0
BRDA:97,6,0,0
BRDA:104,7,0,0
BRDA:104,7,1,1
BRDA:104,8,0,1
BRDA:104,8,1,0
BRDA:106,9,0,0
BRDA:106,9,1,1
BRDA:106,10,0,1
BRDA:106,10,1,0
BRDA:110,11,0,0
BRDA:110,11,1,1
BRDA:111,12,0,1
BRDA:111,12,1,1
BRDA:111,12,2,1
BRDA:121,13,0,1
BRDA:121,13,1,0
BRDA:130,14,0,1
BRDA:130,14,1,0
BRDA:146,15,0,1
BRDA:146,15,1,0
BRDA:157,16,0,0
BRDA:157,16,1,1
BRDA:158,17,0,0
BRDA:158,17,1,1
BRDA:167,18,0,1
BRDA:167,18,1,0
BRDA:194,19,0,1
BRDA:194,19,1,0
BRDA:209,20,0,0
BRDA:209,20,1,1
BRDA:234,21,0,1
BRDA:234,21,1,0
BRDA:235,22,0,0
BRDA:245,23,0,0
BRDA:245,23,1,1
BRDA:299,24,0,0
BRDA:299,24,1,0
BRDA:303,25,0,0
BRDA:303,25,1,0
BRDA:303,26,0,0
BRDA:303,26,1,0
BRDA:309,27,0,0
BRDA:309,27,1,0
BRDA:313,28,0,0
BRDA:313,28,1,0
BRDA:319,29,0,0
BRDA:319,29,1,0
BRDA:334,30,0,0
BRDA:334,30,1,0
BRDA:334,30,2,0
BRDA:334,30,3,0
BRDA:367,31,0,0
BRDA:367,31,1,0
BRDA:417,32,0,0
BRDA:417,32,1,0
BRDA:437,33,0,0
BRDA:437,33,1,0
BRDA:471,34,0,0
BRDA:471,34,1,0
BRDA:471,35,0,0
BRDA:471,35,1,0
BRDA:477,36,0,0
BRDA:477,36,1,0
BRDA:479,37,0,0
BRDA:479,37,1,0
BRDA:479,37,2,0
BRDA:479,37,3,0
BRF:78
BRH:28
end_of_record
TN:
SF:utils\auth.js
FN:3,(anonymous_0)
FNF:1
FNH:0
FNDA:0,(anonymous_0)
DA:1,1
DA:3,1
DA:4,0
DA:5,0
DA:6,0
DA:10,0
DA:13,0
DA:14,0
DA:17,0
DA:19,0
DA:23,1
LF:11
LH:3
BRDA:5,0,0,0
BRDA:5,0,1,0
BRDA:10,1,0,0
BRDA:10,1,1,0
BRDA:13,2,0,0
BRDA:13,2,1,0
BRF:6
BRH:0
end_of_record
TN:
SF:utils\cartPermissions.js
FN:7,(anonymous_0)
FNF:1
FNH:1
FNDA:13,(anonymous_0)
DA:1,3
DA:7,3
DA:8,13
DA:9,3
DA:18,10
DA:19,3
DA:30,7
DA:33,3
LF:8
LH:8
BRDA:8,0,0,3
BRDA:8,0,1,10
BRDA:18,1,0,3
BRDA:18,1,1,7
BRF:4
BRH:4
end_of_record
TN:
SF:utils\productImage.js
FN:3,(anonymous_0)
FN:9,(anonymous_1)
FN:22,(anonymous_2)
FN:26,(anonymous_3)
FN:34,(anonymous_4)
FN:65,(anonymous_5)
FN:70,(anonymous_6)
FN:73,(anonymous_7)
FN:93,(anonymous_8)
FN:101,(anonymous_9)
FN:113,(anonymous_10)
FN:115,(anonymous_11)
FNF:12
FNH:9
FNDA:1,(anonymous_0)
FNDA:0,(anonymous_1)
FNDA:1,(anonymous_2)
FNDA:16,(anonymous_3)
FNDA:1,(anonymous_4)
FNDA:0,(anonymous_5)
FNDA:0,(anonymous_6)
FNDA:1,(anonymous_7)
FNDA:1,(anonymous_8)
FNDA:1,(anonymous_9)
FNDA:1,(anonymous_10)
FNDA:1,(anonymous_11)
DA:1,1
DA:3,1
DA:4,1
DA:9,1
DA:10,0
DA:11,0
DA:13,0
DA:14,0
DA:15,0
DA:16,0
DA:19,0
DA:22,1
DA:23,1
DA:25,1
DA:26,16
DA:27,1
DA:31,0
DA:34,1
DA:35,1
DA:36,0
DA:39,1
DA:41,1
DA:42,1
DA:43,1
DA:45,1
DA:46,0
DA:47,0
DA:49,0
DA:50,0
DA:54,1
DA:55,0
DA:56,0
DA:57,0
DA:58,0
DA:62,1
DA:65,1
DA:66,0
DA:67,0
DA:70,0
DA:73,1
DA:74,1
DA:75,1
DA:76,1
DA:77,1
DA:80,0
DA:82,0
DA:89,0
DA:90,0
DA:93,1
DA:94,1
DA:95,1
DA:96,0
DA:98,1
DA:101,1
DA:102,1
DA:104,1
DA:106,1
DA:107,1
DA:110,1
DA:113,1
DA:114,1
DA:115,1
DA:118,1
LF:63
LH:38
BRDA:4,0,0,1
BRDA:4,0,1,0
BRDA:10,1,0,0
BRDA:10,1,1,0
BRDA:22,2,0,0
BRDA:26,3,0,1
BRDA:26,3,1,3
BRDA:35,4,0,0
BRDA:35,4,1,1
BRDA:41,5,0,1
BRDA:41,5,1,0
BRDA:42,6,0,1
BRDA:42,6,1,0
BRDA:43,7,0,0
BRDA:43,7,1,1
BRDA:45,8,0,0
BRDA:45,8,1,1
BRDA:46,9,0,0
BRDA:46,9,1,0
BRDA:49,10,0,0
BRDA:49,10,1,0
BRDA:50,11,0,0
BRDA:50,11,1,0
BRDA:54,12,0,0
BRDA:54,12,1,1
BRDA:55,13,0,0
BRDA:55,13,1,0
BRDA:57,14,0,0
BRDA:57,14,1,0
BRDA:66,15,0,0
BRDA:66,15,1,0
BRDA:66,16,0,0
BRDA:66,16,1,0
BRDA:76,17,0,1
BRDA:76,17,1,0
BRDA:82,18,0,0
BRDA:82,18,1,0
BRDA:82,18,2,0
BRDA:82,18,3,0
BRDA:82,18,4,0
BRDA:82,18,5,0
BRDA:94,19,0,0
BRDA:94,19,1,1
BRDA:95,20,0,0
BRDA:95,20,1,1
BRDA:102,21,0,0
BRDA:102,21,1,1
BRDA:106,22,0,1
BRDA:106,22,1,0
BRDA:114,23,0,0
BRDA:114,23,1,1
BRF:51
BRH:15
end_of_record
TN:
SF:utils\queries.js
FN:3,(anonymous_0)
FN:5,(anonymous_1)
FN:99,(anonymous_2)
FNF:3
FNH:3
FNDA:12,(anonymous_0)
FNDA:4,(anonymous_1)
FNDA:3,(anonymous_2)
DA:1,2
DA:3,12
DA:5,2
DA:6,4
DA:7,4
DA:8,4
DA:10,4
DA:11,4
DA:12,4
DA:14,4
DA:18,4
DA:19,3
DA:20,3
DA:21,3
DA:23,3
DA:24,3
DA:28,4
DA:29,2
DA:32,4
DA:96,4
DA:99,2
DA:100,3
DA:125,2
LF:23
LH:23
BRDA:3,0,0,12
BRDA:3,0,1,12
BRDA:10,1,0,4
BRDA:10,1,1,3
BRDA:11,2,0,4
BRDA:11,2,1,3
BRDA:12,3,0,4
BRDA:12,3,1,3
BRDA:18,4,0,3
BRDA:18,4,1,1
BRDA:18,5,0,4
BRDA:18,5,1,1
BRDA:20,6,0,3
BRDA:20,6,1,0
BRDA:23,7,0,3
BRDA:23,7,1,0
BRDA:28,8,0,2
BRDA:28,8,1,2
BRF:18
BRH:16
end_of_record
TN:
SF:utils\storage.js
FN:5,(anonymous_0)
FNF:1
FNH:0
FNDA:0,(anonymous_0)
DA:1,2
DA:3,2
DA:5,2
DA:6,0
DA:7,0
DA:8,0
DA:10,0
DA:11,0
DA:14,0
DA:15,0
DA:21,0
DA:28,0
DA:30,0
DA:31,0
DA:34,0
DA:36,0
LF:16
LH:3
BRDA:10,0,0,0
BRDA:10,0,1,0
BRDA:14,1,0,0
BRDA:14,1,1,0
BRF:4
BRH:0
end_of_record
TN:
SF:utils\store.js
FN:4,(anonymous_0)
FN:5,(anonymous_1)
FN:18,(anonymous_2)
FN:24,(anonymous_3)
FN:50,(anonymous_4)
FN:75,(anonymous_5)
FN:77,(anonymous_6)
FN:78,(anonymous_7)
FN:84,(anonymous_8)
FN:87,(anonymous_9)
FN:112,(anonymous_10)
FN:113,(anonymous_11)
FN:125,(anonymous_12)
FNF:13
FNH:11
FNDA:0,(anonymous_0)
FNDA:0,(anonymous_1)
FNDA:6,(anonymous_2)
FNDA:7,(anonymous_3)
FNDA:7,(anonymous_4)
FNDA:11,(anonymous_5)
FNDA:15,(anonymous_6)
FNDA:10,(anonymous_7)
FNDA:102,(anonymous_8)
FNDA:107,(anonymous_9)
FNDA:2,(anonymous_10)
FNDA:3,(anonymous_11)
FNDA:3,(anonymous_12)
DA:1,4
DA:2,4
DA:4,4
DA:5,0
DA:6,0
DA:14,0
DA:18,4
DA:19,6
DA:20,6
DA:22,6
DA:23,6
DA:24,5
DA:25,7
DA:26,7
DA:27,7
DA:28,7
DA:30,7
DA:31,5
DA:32,2
DA:33,2
DA:37,2
DA:39,3
DA:43,7
DA:49,6
DA:50,7
DA:53,6
DA:54,2
DA:57,6
DA:59,6
DA:60,2
DA:63,6
DA:64,6
DA:65,6
DA:68,6
DA:69,6
DA:71,0
DA:75,4
DA:76,11
DA:77,15
DA:78,10
DA:80,11
DA:84,4
DA:85,102
DA:87,102
DA:88,107
DA:89,107
DA:90,107
DA:91,107
DA:93,107
DA:94,107
DA:95,107
DA:97,107
DA:98,54
DA:100,54
DA:101,54
DA:106,107
DA:109,102
DA:112,4
DA:113,2
DA:114,3
DA:125,2
DA:126,3
LF:62
LH:58
BRDA:23,0,0,5
BRDA:23,0,1,1
BRDA:23,1,0,6
BRDA:23,1,1,6
BRDA:25,2,0,7
BRDA:25,2,1,7
BRDA:25,2,2,2
BRDA:30,3,0,5
BRDA:30,3,1,2
BRDA:31,4,0,2
BRDA:31,4,1,3
BRDA:31,5,0,5
BRDA:31,5,1,2
BRDA:53,6,0,2
BRDA:53,6,1,4
BRDA:59,7,0,2
BRDA:59,7,1,4
BRDA:66,8,0,6
BRDA:66,8,1,2
BRDA:97,9,0,54
BRDA:97,9,1,53
BRDA:126,10,0,2
BRDA:126,10,1,1
BRF:23
BRH:23
end_of_record
