TN:
SF:middleware\auth.js
FNF:0
FNH:0
DA:1,1
DA:3,1
DA:5,1
LF:3
LH:3
BRF:0
BRH:0
end_of_record
TN:
SF:middleware\role.js
FN:2,(anonymous_0)
FN:3,(anonymous_1)
FN:8,(anonymous_2)
FNF:3
FNH:3
FNDA:9,(anonymous_0)
FNDA:3,(anonymous_1)
FNDA:2,(anonymous_2)
DA:2,2
DA:3,9
DA:4,3
DA:5,1
DA:8,2
DA:9,2
DA:10,1
DA:13,1
DA:16,2
DA:17,2
LF:10
LH:10
BRDA:4,0,0,1
BRDA:4,0,1,2
BRDA:9,1,0,1
BRDA:9,1,1,1
BRF:4
BRH:4
end_of_record
TN:
SF:routes\api\product.js
FN:26,(anonymous_0)
FN:59,(anonymous_1)
FN:87,(anonymous_2)
FN:192,(anonymous_3)
FN:232,(anonymous_4)
FN:266,(anonymous_5)
FN:286,(anonymous_6)
FN:363,(anonymous_7)
FN:411,(anonymous_8)
FN:460,(anonymous_9)
FN:505,(anonymous_10)
FN:531,(anonymous_11)
FNF:12
FNH:1
FNDA:0,(anonymous_0)
FNDA:3,(anonymous_1)
FNDA:0,(anonymous_2)
FNDA:0,(anonymous_3)
FNDA:0,(anonymous_4)
FNDA:0,(anonymous_5)
FNDA:0,(anonymous_6)
FNDA:0,(anonymous_7)
FNDA:0,(anonymous_8)
FNDA:0,(anonymous_9)
FNDA:0,(anonymous_10)
FNDA:0,(anonymous_11)
DA:1,1
DA:2,1
DA:3,1
DA:5,1
DA:6,1
DA:7,1
DA:8,1
DA:9,1
DA:10,1
DA:11,1
DA:15,1
DA:19,1
DA:20,1
DA:22,1
DA:23,1
DA:26,1
DA:27,0
DA:28,0
DA:30,0
DA:38,0
DA:40,0
DA:41,0
DA:46,0
DA:48,0
DA:52,0
DA:59,1
DA:60,3
DA:61,3
DA:63,3
DA:68,2
DA:69,1
DA:74,1
DA:76,1
DA:80,1
DA:87,1
DA:88,0
DA:98,0
DA:102,0
DA:103,0
DA:104,0
DA:105,0
DA:106,0
DA:107,0
DA:110,0
DA:115,0
DA:118,0
DA:121,0
DA:122,0
DA:124,0
DA:125,0
DA:130,0
DA:131,0
DA:141,0
DA:146,0
DA:147,0
DA:154,0
DA:155,0
DA:156,0
DA:157,0
DA:158,0
DA:161,0
DA:167,0
DA:168,0
DA:171,0
DA:173,0
DA:176,0
DA:178,0
DA:185,0
DA:186,0
DA:192,1
DA:193,0
DA:194,0
DA:195,0
DA:196,0
DA:197,0
DA:205,0
DA:207,0
DA:209,0
DA:210,0
DA:211,0
DA:215,0
DA:220,0
DA:222,0
DA:226,0
DA:232,1
DA:233,0
DA:234,0
DA:235,0
DA:236,0
DA:237,0
DA:238,0
DA:243,0
DA:245,0
DA:246,0
DA:247,0
DA:251,0
DA:254,0
DA:256,0
DA:260,0
DA:266,1
DA:267,0
DA:268,0
DA:270,0
DA:274,0
DA:281,1
DA:287,0
DA:288,0
DA:289,0
DA:290,0
DA:291,0
DA:292,0
DA:293,0
DA:294,0
DA:295,0
DA:296,0
DA:297,0
DA:299,0
DA:300,0
DA:303,0
DA:304,0
DA:309,0
DA:310,0
DA:313,0
DA:314,0
DA:317,0
DA:319,0
DA:320,0
DA:323,0
DA:325,0
DA:343,0
DA:345,0
DA:351,0
DA:359,1
DA:364,0
DA:365,0
DA:367,0
DA:368,0
DA:372,0
DA:374,0
DA:384,0
DA:393,0
DA:395,0
DA:399,0
DA:407,1
DA:412,0
DA:413,0
DA:415,0
DA:417,0
DA:418,0
DA:422,0
DA:424,0
DA:431,0
DA:437,0
DA:438,0
DA:443,0
DA:445,0
DA:449,0
DA:456,1
DA:461,0
DA:462,0
DA:463,0
DA:464,0
DA:465,0
DA:467,0
DA:471,0
DA:472,0
DA:477,0
DA:478,0
DA:485,0
DA:489,0
DA:494,0
DA:501,1
DA:506,0
DA:507,0
DA:508,0
DA:509,0
DA:511,0
DA:515,0
DA:520,0
DA:527,1
DA:532,0
DA:533,0
DA:535,0
DA:541,0
DA:548,1
LF:185
LH:36
BRDA:38,0,0,0
BRDA:38,0,1,0
BRDA:40,1,0,0
BRDA:40,1,1,0
BRDA:40,2,0,0
BRDA:40,2,1,0
BRDA:68,3,0,1
BRDA:68,3,1,1
BRDA:68,4,0,2
BRDA:68,4,1,2
BRDA:96,5,0,0
BRDA:97,6,0,0
BRDA:104,7,0,0
BRDA:104,7,1,0
BRDA:104,8,0,0
BRDA:104,8,1,0
BRDA:106,9,0,0
BRDA:106,9,1,0
BRDA:106,10,0,0
BRDA:106,10,1,0
BRDA:110,11,0,0
BRDA:110,11,1,0
BRDA:111,12,0,0
BRDA:111,12,1,0
BRDA:111,12,2,0
BRDA:121,13,0,0
BRDA:121,13,1,0
BRDA:130,14,0,0
BRDA:130,14,1,0
BRDA:146,15,0,0
BRDA:146,15,1,0
BRDA:157,16,0,0
BRDA:157,16,1,0
BRDA:158,17,0,0
BRDA:158,17,1,0
BRDA:167,18,0,0
BRDA:167,18,1,0
BRDA:194,19,0,0
BRDA:194,19,1,0
BRDA:209,20,0,0
BRDA:209,20,1,0
BRDA:234,21,0,0
BRDA:234,21,1,0
BRDA:235,22,0,0
BRDA:245,23,0,0
BRDA:245,23,1,0
BRDA:299,24,0,0
BRDA:299,24,1,0
BRDA:303,25,0,0
BRDA:303,25,1,0
BRDA:303,26,0,0
BRDA:303,26,1,0
BRDA:309,27,0,0
BRDA:309,27,1,0
BRDA:313,28,0,0
BRDA:313,28,1,0
BRDA:319,29,0,0
BRDA:319,29,1,0
BRDA:334,30,0,0
BRDA:334,30,1,0
BRDA:334,30,2,0
BRDA:334,30,3,0
BRDA:367,31,0,0
BRDA:367,31,1,0
BRDA:417,32,0,0
BRDA:417,32,1,0
BRDA:437,33,0,0
BRDA:437,33,1,0
BRDA:471,34,0,0
BRDA:471,34,1,0
BRDA:471,35,0,0
BRDA:471,35,1,0
BRDA:477,36,0,0
BRDA:477,36,1,0
BRDA:479,37,0,0
BRDA:479,37,1,0
BRDA:479,37,2,0
BRDA:479,37,3,0
BRF:78
BRH:4
end_of_record
TN:
SF:utils\auth.js
FN:3,(anonymous_0)
FNF:1
FNH:0
FNDA:0,(anonymous_0)
DA:1,1
DA:3,1
DA:4,0
DA:5,0
DA:6,0
DA:10,0
DA:13,0
DA:14,0
DA:17,0
DA:19,0
DA:23,1
LF:11
LH:3
BRDA:5,0,0,0
BRDA:5,0,1,0
BRDA:10,1,0,0
BRDA:10,1,1,0
BRDA:13,2,0,0
BRDA:13,2,1,0
BRF:6
BRH:0
end_of_record
TN:
SF:utils\cartPermissions.js
FN:7,(anonymous_0)
FNF:1
FNH:1
FNDA:3,(anonymous_0)
DA:1,1
DA:7,1
DA:8,3
DA:9,1
DA:18,2
DA:19,1
DA:30,1
DA:33,1
LF:8
LH:8
BRDA:8,0,0,1
BRDA:8,0,1,2
BRDA:18,1,0,1
BRDA:18,1,1,1
BRF:4
BRH:4
end_of_record
TN:
SF:utils\productImage.js
FN:3,(anonymous_0)
FN:9,(anonymous_1)
FN:22,(anonymous_2)
FN:26,(anonymous_3)
FN:34,(anonymous_4)
FN:65,(anonymous_5)
FN:70,(anonymous_6)
FN:73,(anonymous_7)
FN:93,(anonymous_8)
FN:101,(anonymous_9)
FN:113,(anonymous_10)
FN:115,(anonymous_11)
FNF:12
FNH:9
FNDA:1,(anonymous_0)
FNDA:0,(anonymous_1)
FNDA:1,(anonymous_2)
FNDA:16,(anonymous_3)
FNDA:1,(anonymous_4)
FNDA:0,(anonymous_5)
FNDA:0,(anonymous_6)
FNDA:1,(anonymous_7)
FNDA:1,(anonymous_8)
FNDA:1,(anonymous_9)
FNDA:1,(anonymous_10)
FNDA:1,(anonymous_11)
DA:1,1
DA:3,1
DA:4,1
DA:9,1
DA:10,0
DA:11,0
DA:13,0
DA:14,0
DA:15,0
DA:16,0
DA:19,0
DA:22,1
DA:23,1
DA:25,1
DA:26,16
DA:27,1
DA:31,0
DA:34,1
DA:35,1
DA:36,0
DA:39,1
DA:41,1
DA:42,1
DA:43,1
DA:45,1
DA:46,0
DA:47,0
DA:49,0
DA:50,0
DA:54,1
DA:55,0
DA:56,0
DA:57,0
DA:58,0
DA:62,1
DA:65,1
DA:66,0
DA:67,0
DA:70,0
DA:73,1
DA:74,1
DA:75,1
DA:76,1
DA:77,1
DA:80,0
DA:82,0
DA:89,0
DA:90,0
DA:93,1
DA:94,1
DA:95,1
DA:96,0
DA:98,1
DA:101,1
DA:102,1
DA:104,1
DA:106,1
DA:107,1
DA:110,1
DA:113,1
DA:114,1
DA:115,1
DA:118,1
LF:63
LH:38
BRDA:4,0,0,1
BRDA:4,0,1,0
BRDA:10,1,0,0
BRDA:10,1,1,0
BRDA:22,2,0,0
BRDA:26,3,0,1
BRDA:26,3,1,3
BRDA:35,4,0,0
BRDA:35,4,1,1
BRDA:41,5,0,1
BRDA:41,5,1,0
BRDA:42,6,0,1
BRDA:42,6,1,0
BRDA:43,7,0,0
BRDA:43,7,1,1
BRDA:45,8,0,0
BRDA:45,8,1,1
BRDA:46,9,0,0
BRDA:46,9,1,0
BRDA:49,10,0,0
BRDA:49,10,1,0
BRDA:50,11,0,0
BRDA:50,11,1,0
BRDA:54,12,0,0
BRDA:54,12,1,1
BRDA:55,13,0,0
BRDA:55,13,1,0
BRDA:57,14,0,0
BRDA:57,14,1,0
BRDA:66,15,0,0
BRDA:66,15,1,0
BRDA:66,16,0,0
BRDA:66,16,1,0
BRDA:76,17,0,1
BRDA:76,17,1,0
BRDA:82,18,0,0
BRDA:82,18,1,0
BRDA:82,18,2,0
BRDA:82,18,3,0
BRDA:82,18,4,0
BRDA:82,18,5,0
BRDA:94,19,0,0
BRDA:94,19,1,1
BRDA:95,20,0,0
BRDA:95,20,1,1
BRDA:102,21,0,0
BRDA:102,21,1,1
BRDA:106,22,0,1
BRDA:106,22,1,0
BRDA:114,23,0,0
BRDA:114,23,1,1
BRF:51
BRH:15
end_of_record
TN:
SF:utils\queries.js
FN:3,(anonymous_0)
FN:5,(anonymous_1)
FN:99,(anonymous_2)
FNF:3
FNH:3
FNDA:6,(anonymous_0)
FNDA:2,(anonymous_1)
FNDA:1,(anonymous_2)
DA:1,1
DA:3,6
DA:5,1
DA:6,2
DA:7,2
DA:8,2
DA:10,2
DA:11,2
DA:12,2
DA:14,2
DA:18,2
DA:19,1
DA:20,1
DA:21,1
DA:23,1
DA:24,1
DA:28,2
DA:29,1
DA:32,2
DA:96,2
DA:99,1
DA:100,1
DA:125,1
LF:23
LH:23
BRDA:3,0,0,6
BRDA:3,0,1,6
BRDA:10,1,0,2
BRDA:10,1,1,1
BRDA:11,2,0,2
BRDA:11,2,1,1
BRDA:12,3,0,2
BRDA:12,3,1,1
BRDA:18,4,0,1
BRDA:18,4,1,1
BRDA:18,5,0,2
BRDA:18,5,1,1
BRDA:20,6,0,1
BRDA:20,6,1,0
BRDA:23,7,0,1
BRDA:23,7,1,0
BRDA:28,8,0,1
BRDA:28,8,1,1
BRF:18
BRH:16
end_of_record
TN:
SF:utils\storage.js
FN:5,(anonymous_0)
FNF:1
FNH:0
FNDA:0,(anonymous_0)
DA:1,1
DA:3,1
DA:5,1
DA:6,0
DA:7,0
DA:8,0
DA:10,0
DA:11,0
DA:14,0
DA:15,0
DA:21,0
DA:28,0
DA:30,0
DA:31,0
DA:34,0
DA:36,0
LF:16
LH:3
BRDA:10,0,0,0
BRDA:10,0,1,0
BRDA:14,1,0,0
BRDA:14,1,1,0
BRF:4
BRH:0
end_of_record
TN:
SF:utils\store.js
FN:4,(anonymous_0)
FN:5,(anonymous_1)
FN:18,(anonymous_2)
FN:24,(anonymous_3)
FN:50,(anonymous_4)
FN:75,(anonymous_5)
FN:77,(anonymous_6)
FN:78,(anonymous_7)
FN:84,(anonymous_8)
FN:87,(anonymous_9)
FN:112,(anonymous_10)
FN:113,(anonymous_11)
FN:125,(anonymous_12)
FNF:13
FNH:11
FNDA:0,(anonymous_0)
FNDA:0,(anonymous_1)
FNDA:3,(anonymous_2)
FNDA:4,(anonymous_3)
FNDA:4,(anonymous_4)
FNDA:7,(anonymous_5)
FNDA:11,(anonymous_6)
FNDA:6,(anonymous_7)
FNDA:1,(anonymous_8)
FNDA:2,(anonymous_9)
FNDA:1,(anonymous_10)
FNDA:1,(anonymous_11)
FNDA:1,(anonymous_12)
DA:1,1
DA:2,1
DA:4,1
DA:5,0
DA:6,0
DA:14,0
DA:18,1
DA:19,3
DA:20,3
DA:22,3
DA:23,3
DA:24,3
DA:25,4
DA:26,4
DA:27,4
DA:28,4
DA:30,4
DA:31,2
DA:32,2
DA:33,2
DA:37,2
DA:39,0
DA:43,4
DA:49,3
DA:50,4
DA:53,3
DA:54,2
DA:57,3
DA:59,3
DA:60,1
DA:63,3
DA:64,3
DA:65,3
DA:68,3
DA:69,3
DA:71,0
DA:75,1
DA:76,7
DA:77,11
DA:78,6
DA:80,7
DA:84,1
DA:85,1
DA:87,1
DA:88,2
DA:89,2
DA:90,2
DA:91,2
DA:93,2
DA:94,2
DA:95,2
DA:97,2
DA:98,1
DA:100,1
DA:101,1
DA:106,2
DA:109,1
DA:112,1
DA:113,1
DA:114,1
DA:125,1
DA:126,1
LF:62
LH:57
BRDA:23,0,0,3
BRDA:23,0,1,0
BRDA:23,1,0,3
BRDA:23,1,1,3
BRDA:25,2,0,4
BRDA:25,2,1,4
BRDA:25,2,2,0
BRDA:30,3,0,2
BRDA:30,3,1,2
BRDA:31,4,0,2
BRDA:31,4,1,0
BRDA:31,5,0,2
BRDA:31,5,1,2
BRDA:53,6,0,2
BRDA:53,6,1,1
BRDA:59,7,0,1
BRDA:59,7,1,2
BRDA:66,8,0,3
BRDA:66,8,1,2
BRDA:97,9,0,1
BRDA:97,9,1,1
BRDA:126,10,0,1
BRDA:126,10,1,0
BRF:23
BRH:19
end_of_record
