TN:
SF:app\components\Common\Button\index.js
FN:22,(anonymous_0)
FNF:1
FNH:0
FNDA:0,(anonymous_0)
DA:12,1
DA:22,1
DA:46,0
DA:48,0
DA:50,0
DA:53,0
DA:55,0
DA:61,0
DA:63,0
DA:64,0
DA:65,0
DA:67,0
DA:103,1
LF:13
LH:3
BRDA:48,0,0,0
BRDA:48,0,1,0
BRDA:53,1,0,0
BRDA:53,1,1,0
BRDA:53,2,0,0
BRDA:53,2,1,0
BRDA:53,3,0,0
BRDA:53,3,1,0
BRDA:53,4,0,0
BRDA:53,4,1,0
BRDA:55,5,0,0
BRDA:55,5,1,0
BRDA:56,6,0,0
BRDA:56,6,1,0
BRDA:58,7,0,0
BRDA:58,7,1,0
BRDA:59,8,0,0
BRDA:59,8,1,0
BRDA:61,9,0,0
BRDA:61,9,1,0
BRDA:63,10,0,0
BRDA:63,10,1,0
BRDA:64,11,0,0
BRDA:64,11,1,0
BRDA:65,12,0,0
BRDA:65,12,1,0
BRDA:82,13,0,0
BRDA:82,13,1,0
BRDA:83,14,0,0
BRDA:83,14,1,0
BRDA:88,15,0,0
BRDA:88,15,1,0
BRDA:90,16,0,0
BRDA:90,16,1,0
BRDA:91,17,0,0
BRDA:91,17,1,0
BRDA:95,18,0,0
BRDA:95,18,1,0
BRDA:96,19,0,0
BRDA:96,19,1,0
BRF:40
BRH:0
end_of_record
TN:
SF:app\components\Common\Popover\index.js
FN:11,(anonymous_0)
FNF:1
FNH:0
FNDA:0,(anonymous_0)
DA:11,1
DA:12,0
DA:14,0
DA:22,1
LF:4
LH:2
BRDA:16,0,0,0
BRDA:16,0,1,0
BRF:2
BRH:0
end_of_record
TN:
SF:app\components\Common\SearchBar\index.js
FN:12,(anonymous_0)
FN:22,(anonymous_1)
FN:33,(anonymous_2)
FN:41,(anonymous_3)
FN:52,(anonymous_4)
FN:61,(anonymous_5)
FN:79,(anonymous_6)
FN:90,(anonymous_7)
FN:93,(anonymous_8)
FNF:9
FNH:5
FNDA:3,(anonymous_0)
FNDA:1,(anonymous_1)
FNDA:1,(anonymous_2)
FNDA:1,(anonymous_3)
FNDA:1,(anonymous_4)
FNDA:0,(anonymous_5)
FNDA:0,(anonymous_6)
FNDA:0,(anonymous_7)
FNDA:0,(anonymous_8)
DA:13,3
DA:15,3
DA:23,1
DA:24,1
DA:26,1
DA:27,0
DA:30,1
DA:34,1
DA:35,1
DA:42,1
DA:44,1
DA:45,1
DA:47,1
DA:48,1
DA:53,1
DA:54,1
DA:56,1
DA:57,1
DA:70,0
DA:71,0
DA:73,0
DA:74,0
DA:78,0
DA:79,0
DA:91,0
DA:93,0
DA:104,1
LF:27
LH:18
BRDA:26,0,0,0
BRDA:26,0,1,1
BRDA:34,1,0,1
BRDA:34,1,1,0
BRDA:47,2,0,1
BRDA:47,2,1,0
BRDA:56,3,0,1
BRDA:56,3,1,0
BRDA:73,4,0,0
BRDA:73,4,1,0
BRDA:75,5,0,0
BRDA:75,5,1,0
BRDA:94,6,0,0
BRDA:94,6,1,0
BRF:14
BRH:4
end_of_record
TN:
SF:app\components\Common\Tooltip\index.js
FN:11,(anonymous_0)
FNF:1
FNH:0
FNDA:0,(anonymous_0)
DA:11,1
DA:12,0
DA:14,0
DA:21,1
LF:4
LH:2
BRF:0
BRH:0
end_of_record
TN:
SF:app\constants\index.js
FNF:0
FNH:0
DA:1,1
DA:4,1
DA:8,1
DA:14,1
DA:15,1
DA:16,1
DA:18,1
DA:27,1
DA:33,1
DA:39,1
LF:10
LH:10
BRDA:4,0,0,1
BRDA:4,0,1,0
BRF:2
BRH:1
end_of_record
TN:
SF:app\containers\Cart\constants.js
FNF:0
FNH:0
DA:7,1
DA:8,1
DA:9,1
DA:10,1
DA:11,1
DA:12,1
DA:13,1
LF:7
LH:7
BRF:0
BRH:0
end_of_record
TN:
SF:app\containers\Cart\reducer.js
FN:23,(anonymous_0)
FN:36,(anonymous_1)
FNF:2
FNH:2
FNDA:7,(anonymous_0)
FNDA:1,(anonymous_1)
DA:17,1
DA:23,1
DA:26,7
DA:28,1
DA:33,1
DA:35,1
DA:36,1
DA:39,1
DA:47,1
DA:49,1
DA:54,1
DA:56,1
DA:62,1
DA:64,1
DA:68,1
DA:70,1
DA:76,1
DA:78,1
DA:82,1
DA:85,0
LF:20
LH:19
BRDA:23,0,0,0
BRDA:26,1,0,1
BRDA:26,1,1,1
BRDA:26,1,2,1
BRDA:26,1,3,1
BRDA:26,1,4,1
BRDA:26,1,5,1
BRDA:26,1,6,1
BRDA:26,1,7,0
BRF:9
BRH:7
end_of_record
TN:
SF:app\containers\Order\constants.js
FNF:0
FNH:0
DA:7,1
DA:8,1
DA:9,1
DA:10,1
DA:11,1
DA:12,1
DA:13,1
LF:7
LH:7
BRF:0
BRH:0
end_of_record
TN:
SF:app\containers\Order\reducer.js
FN:36,(anonymous_0)
FN:63,(anonymous_1)
FNF:2
FNH:2
FNDA:8,(anonymous_0)
FNDA:1,(anonymous_1)
DA:17,1
DA:36,1
DA:37,8
DA:39,1
DA:44,1
DA:49,1
DA:54,1
DA:62,1
DA:63,1
DA:66,1
DA:67,1
DA:68,1
DA:76,1
DA:81,1
DA:86,1
LF:15
LH:15
BRDA:36,0,0,1
BRDA:37,1,0,1
BRDA:37,1,1,1
BRDA:37,1,2,1
BRDA:37,1,3,1
BRDA:37,1,4,1
BRDA:37,1,5,1
BRDA:37,1,6,1
BRDA:37,1,7,1
BRF:9
BRH:9
end_of_record
TN:
SF:app\utils\app.js
FN:3,(anonymous_0)
FN:6,(anonymous_1)
FNF:2
FNH:2
FNDA:3,(anonymous_0)
FNDA:3,(anonymous_1)
DA:3,1
DA:4,3
DA:6,1
DA:7,3
LF:4
LH:4
BRDA:4,0,0,3
BRDA:4,0,1,2
BRDA:7,1,0,3
BRDA:7,1,1,2
BRDA:7,1,2,2
BRF:5
BRH:5
end_of_record
TN:
SF:test\jest-dom-stub.js
FNF:0
FNH:0
DA:1,4
LF:1
LH:1
BRF:0
BRH:0
end_of_record
